<?xml version="1.0" encoding="UTF-8"?>
<robot generator="Robot 7.1.1 (Python 3.12.6 on win32)" generated="2024-12-11T09:31:20.958180" rpa="false" schemaversion="5">
<suite id="s1" name="Test Suite 01" source="c:\Users\Duy Van\Downloads\mock-project-mobile\test\Test_Suite_01.robot">
<test id="s1-t1" name="[TC_01] Create New Contact" line="10">
<kw name="Go To Contact App" owner="main">
<kw name="Open Application" owner="AppiumLibrary">
<arg>${APPIUM_URL}</arg>
<arg>platformName=${PLATFORM_NAME}</arg>
<arg>platformVersion=${PLATFORM_VERSION}</arg>
<arg>deviceName=${DEVICE_NAME}</arg>
<arg>automationName=${ANDROID_AUTOMATION_NAME}</arg>
<arg>appPackage=${contact_app_package}</arg>
<arg>appActivity=${contact_app_activity}</arg>
<doc>Opens a new application to given Appium server.
Capabilities of appium server, Android and iOS,
Please check https://appium.io/docs/en/2.1/cli/args/
| *Option*            | *Man.* | *Description*     |
| remote_url          | Yes    | Appium server url |
| alias               | no     | alias             |
| strict_ssl          | No     | allows you to send commands to an invalid certificate host like a self-signed one. |</doc>
<status status="PASS" start="2024-12-11T09:31:21.251769" elapsed="10.432515"/>
</kw>
<status status="PASS" start="2024-12-11T09:31:21.251769" elapsed="10.432515"/>
</kw>
<kw name="Click Add Contact" owner="main">
<kw name="Wait Until Element Is Visible" owner="AppiumLibrary">
<msg time="2024-12-11T09:31:33.934823" level="INFO">xpath criteria: //android.widget.ImageButton[@content-desc='Create contact']</msg>
<arg>xpath=${add_contact_button}</arg>
<arg>timeout=10s</arg>
<doc>Waits until element specified with `locator` is visible.</doc>
<status status="PASS" start="2024-12-11T09:31:31.684284" elapsed="2.250539"/>
</kw>
<kw name="Click Element" owner="AppiumLibrary">
<msg time="2024-12-11T09:31:33.934823" level="INFO">Clicking element 'xpath=//android.widget.ImageButton[@content-desc='Create contact']'.</msg>
<msg time="2024-12-11T09:31:34.283746" level="INFO">xpath criteria: //android.widget.ImageButton[@content-desc='Create contact']</msg>
<arg>xpath=${add_contact_button}</arg>
<doc>Click element identified by `locator`.</doc>
<status status="PASS" start="2024-12-11T09:31:33.934823" elapsed="0.349784"/>
</kw>
<status status="PASS" start="2024-12-11T09:31:31.684284" elapsed="2.600568"/>
</kw>
<kw name="Click Save To Phone" owner="main">
<kw name="Wait Until Element Is Visible" owner="AppiumLibrary">
<msg time="2024-12-11T09:31:35.734388" level="INFO">xpath criteria: //android.widget.TextView[@resource-id='android:id/text1' and @text='Phone']
xpath criteria: //android.widget.TextView[@resource-id='android:id/text1' and @text='Phone']</msg>
<arg>xpath=${save_to_phone}</arg>
<arg>timeout=10s</arg>
<doc>Waits until element specified with `locator` is visible.</doc>
<status status="PASS" start="2024-12-11T09:31:34.284852" elapsed="1.449536"/>
</kw>
<kw name="Click Element" owner="AppiumLibrary">
<msg time="2024-12-11T09:31:35.750109" level="INFO">Clicking element 'xpath=//android.widget.TextView[@resource-id='android:id/text1' and @text='Phone']'.</msg>
<msg time="2024-12-11T09:31:36.717351" level="INFO">xpath criteria: //android.widget.TextView[@resource-id='android:id/text1' and @text='Phone']</msg>
<arg>xpath=${save_to_phone}</arg>
<doc>Click element identified by `locator`.</doc>
<status status="PASS" start="2024-12-11T09:31:35.734388" elapsed="0.982963"/>
</kw>
<kw name="Wait Until Element Is Visible" owner="AppiumLibrary">
<msg time="2024-12-11T09:31:36.984451" level="INFO">xpath criteria: //android.widget.Button[@resource-id='com.samsung.android.contacts:id/button1']</msg>
<arg>xpath=${set_save_button}</arg>
<arg>timeout=10s</arg>
<doc>Waits until element specified with `locator` is visible.</doc>
<status status="PASS" start="2024-12-11T09:31:36.717351" elapsed="0.267100"/>
</kw>
<kw name="Click Element" owner="AppiumLibrary">
<msg time="2024-12-11T09:31:36.984451" level="INFO">Clicking element 'xpath=//android.widget.Button[@resource-id='com.samsung.android.contacts:id/button1']'.</msg>
<msg time="2024-12-11T09:31:37.267730" level="INFO">xpath criteria: //android.widget.Button[@resource-id='com.samsung.android.contacts:id/button1']</msg>
<arg>xpath=${set_save_button}</arg>
<doc>Click element identified by `locator`.</doc>
<status status="PASS" start="2024-12-11T09:31:36.984451" elapsed="0.283279"/>
</kw>
<status status="PASS" start="2024-12-11T09:31:34.284852" elapsed="2.982878"/>
</kw>
<kw name="Input Name A1" owner="add_contact">
<kw name="Wait Until Element Is Visible" owner="AppiumLibrary">
<msg time="2024-12-11T09:31:39.251046" level="INFO">xpath criteria: //android.widget.EditText[@resource-id='com.samsung.android.contacts:id/nameEdit']</msg>
<arg>xpath=${name_input}</arg>
<arg>timeout=10s</arg>
<doc>Waits until element specified with `locator` is visible.</doc>
<status status="PASS" start="2024-12-11T09:31:37.267730" elapsed="1.983316"/>
</kw>
<kw name="Input Text" owner="AppiumLibrary">
<msg time="2024-12-11T09:31:39.266973" level="INFO">Typing text 'A1' into text field 'xpath=//android.widget.EditText[@resource-id='com.samsung.android.contacts:id/nameEdit']'</msg>
<msg time="2024-12-11T09:31:40.450290" level="INFO">xpath criteria: //android.widget.EditText[@resource-id='com.samsung.android.contacts:id/nameEdit']</msg>
<arg>xpath=${name_input}</arg>
<arg>A1</arg>
<doc>Types the given `text` into text field identified by `locator`.</doc>
<status status="PASS" start="2024-12-11T09:31:39.251046" elapsed="1.199244"/>
</kw>
<kw name="Hide Keyboard" owner="AppiumLibrary">
<doc>Hides the software keyboard on the device. (optional) In iOS, use `key_name` to press
a particular key, ex. `Done`. In Android, no parameters are used.</doc>
<status status="PASS" start="2024-12-11T09:31:40.450290" elapsed="1.367167"/>
</kw>
<status status="PASS" start="2024-12-11T09:31:37.267730" elapsed="4.549727"/>
</kw>
<kw name="Input Phone 0123456" owner="add_contact">
<kw name="Wait Until Element Is Visible" owner="AppiumLibrary">
<msg time="2024-12-11T09:31:42.833264" level="INFO">xpath criteria: //android.widget.TextView[@resource-id='com.samsung.android.contacts:id/titleText' and @text='Phone']</msg>
<arg>xpath=${phone_holder}</arg>
<arg>timeout=10s</arg>
<doc>Waits until element specified with `locator` is visible.</doc>
<status status="PASS" start="2024-12-11T09:31:41.817457" elapsed="1.015807"/>
</kw>
<kw name="Click Element" owner="AppiumLibrary">
<msg time="2024-12-11T09:31:42.833264" level="INFO">Clicking element '//android.widget.TextView[@resource-id='com.samsung.android.contacts:id/titleText' and @text='Phone']'.</msg>
<msg time="2024-12-11T09:31:44.233064" level="INFO">xpath criteria: //android.widget.TextView[@resource-id='com.samsung.android.contacts:id/titleText' and @text='Phone']</msg>
<arg>${phone_holder}</arg>
<doc>Click element identified by `locator`.</doc>
<status status="PASS" start="2024-12-11T09:31:42.833264" elapsed="1.399800"/>
</kw>
<kw name="Wait Until Element Is Visible" owner="AppiumLibrary">
<msg time="2024-12-11T09:31:44.716585" level="INFO">xpath criteria: //android.widget.EditText[@text='Phone']</msg>
<arg>xpath=${phone_input}</arg>
<arg>timeout=10s</arg>
<doc>Waits until element specified with `locator` is visible.</doc>
<status status="PASS" start="2024-12-11T09:31:44.233064" elapsed="0.483521"/>
</kw>
<kw name="Input Text" owner="AppiumLibrary">
<msg time="2024-12-11T09:31:44.733505" level="INFO">Typing text '0123456' into text field 'xpath=	//android.widget.EditText[@text='Phone']'</msg>
<msg time="2024-12-11T09:31:45.766860" level="INFO">xpath criteria: //android.widget.EditText[@text='Phone']</msg>
<arg>xpath=${phone_input}</arg>
<arg>0123456</arg>
<doc>Types the given `text` into text field identified by `locator`.</doc>
<status status="PASS" start="2024-12-11T09:31:44.716585" elapsed="1.050275"/>
</kw>
<status status="PASS" start="2024-12-11T09:31:41.817457" elapsed="3.949403"/>
</kw>
<kw name="Click Save" owner="add_contact">
<kw name="Wait Until Element Is Visible" owner="AppiumLibrary">
<msg time="2024-12-11T09:31:46.683276" level="INFO">xpath criteria: //android.widget.Button[@content-desc='Save']</msg>
<arg>xpath=${save_button}</arg>
<arg>timeout=10s</arg>
<doc>Waits until element specified with `locator` is visible.</doc>
<status status="PASS" start="2024-12-11T09:31:45.766860" elapsed="0.916416"/>
</kw>
<kw name="Click Element" owner="AppiumLibrary">
<msg time="2024-12-11T09:31:46.700038" level="INFO">Clicking element 'xpath=	//android.widget.Button[@content-desc='Save']'.</msg>
<msg time="2024-12-11T09:31:46.966563" level="INFO">xpath criteria: //android.widget.Button[@content-desc='Save']</msg>
<arg>xpath=${save_button}</arg>
<doc>Click element identified by `locator`.</doc>
<status status="PASS" start="2024-12-11T09:31:46.683276" elapsed="0.283287"/>
</kw>
<status status="PASS" start="2024-12-11T09:31:45.766860" elapsed="1.199703"/>
</kw>
<kw name="Verify Contact Added" owner="add_contact">
<kw name="Wait Until Element Is Visible" owner="AppiumLibrary">
<msg time="2024-12-11T09:31:48.666161" level="INFO">xpath criteria: //android.widget.TextView[@resource-id='com.samsung.android.contacts:id/header' and @text='A1']</msg>
<arg>xpath=${contact_name}</arg>
<doc>Waits until element specified with `locator` is visible.</doc>
<status status="PASS" start="2024-12-11T09:31:46.966563" elapsed="1.699598"/>
</kw>
<kw name="Wait Until Element Is Visible" owner="AppiumLibrary">
<msg time="2024-12-11T09:31:48.850420" level="INFO">xpath criteria: //android.widget.TextView[@resource-id='com.samsung.android.contacts:id/display_number' and @text='0123456']</msg>
<arg>xpath=${contact_phone}</arg>
<doc>Waits until element specified with `locator` is visible.</doc>
<status status="PASS" start="2024-12-11T09:31:48.666161" elapsed="0.184259"/>
</kw>
<status status="PASS" start="2024-12-11T09:31:46.966563" elapsed="1.883857"/>
</kw>
<status status="PASS" start="2024-12-11T09:31:21.251769" elapsed="27.598651"/>
</test>
<test id="s1-t2" name="[TC_02] Create Conversation" line="25">
<kw name="Go To Message App" owner="main">
<kw name="Open Application" owner="AppiumLibrary">
<arg>${APPIUM_URL}</arg>
<arg>platformName=${PLATFORM_NAME}</arg>
<arg>platformVersion=${PLATFORM_VERSION}</arg>
<arg>deviceName=${DEVICE_NAME}</arg>
<arg>automationName=${ANDROID_AUTOMATION_NAME}</arg>
<arg>appPackage=${message_app_package}</arg>
<arg>appActivity=${message_app_activity}</arg>
<doc>Opens a new application to given Appium server.
Capabilities of appium server, Android and iOS,
Please check https://appium.io/docs/en/2.1/cli/args/
| *Option*            | *Man.* | *Description*     |
| remote_url          | Yes    | Appium server url |
| alias               | no     | alias             |
| strict_ssl          | No     | allows you to send commands to an invalid certificate host like a self-signed one. |</doc>
<status status="PASS" start="2024-12-11T09:31:48.866354" elapsed="12.403399"/>
</kw>
<status status="PASS" start="2024-12-11T09:31:48.866354" elapsed="12.403399"/>
</kw>
<kw name="Create New Conversation" owner="main">
<kw name="Wait Until Element Is Visible" owner="AppiumLibrary">
<msg time="2024-12-11T09:32:04.203487" level="INFO">xpath criteria: //android.widget.ImageButton[@content-desc='Compose new message']</msg>
<arg>xpath=${create_new_message}</arg>
<doc>Waits until element specified with `locator` is visible.</doc>
<status status="PASS" start="2024-12-11T09:32:01.269753" elapsed="2.933734"/>
</kw>
<kw name="Click Element" owner="AppiumLibrary">
<msg time="2024-12-11T09:32:04.203487" level="INFO">Clicking element 'xpath=//android.widget.ImageButton[@content-desc='Compose new message']'.</msg>
<msg time="2024-12-11T09:32:04.864899" level="INFO">xpath criteria: //android.widget.ImageButton[@content-desc='Compose new message']</msg>
<arg>xpath=${create_new_message}</arg>
<doc>Click element identified by `locator`.</doc>
<status status="PASS" start="2024-12-11T09:32:04.203487" elapsed="0.661412"/>
</kw>
<status status="PASS" start="2024-12-11T09:32:01.269753" elapsed="3.595146"/>
</kw>
<kw name="Input Recipient 0123456" owner="message">
<kw name="Wait Until Element Is Visible" owner="AppiumLibrary">
<msg time="2024-12-11T09:32:07.196853" level="INFO">xpath criteria: //android.widget.EditText[@resource-id='com.samsung.android.messaging:id/recipients_editor_to']
xpath criteria: //android.widget.EditText[@resource-id='com.samsung.android.messaging:id/recipients_editor_to']</msg>
<arg>xpath=${recipient_field}</arg>
<doc>Waits until element specified with `locator` is visible.</doc>
<status status="PASS" start="2024-12-11T09:32:04.864899" elapsed="2.331954"/>
</kw>
<kw name="Input Text" owner="AppiumLibrary">
<msg time="2024-12-11T09:32:07.196853" level="INFO">Typing text '0123456' into text field 'xpath=//android.widget.EditText[@resource-id='com.samsung.android.messaging:id/recipients_editor_to']'</msg>
<msg time="2024-12-11T09:32:08.397548" level="INFO">xpath criteria: //android.widget.EditText[@resource-id='com.samsung.android.messaging:id/recipients_editor_to']</msg>
<arg>xpath=${recipient_field}</arg>
<arg>0123456</arg>
<doc>Types the given `text` into text field identified by `locator`.</doc>
<status status="PASS" start="2024-12-11T09:32:07.196853" elapsed="1.200695"/>
</kw>
<kw name="Wait Until Element Is Visible" owner="AppiumLibrary">
<msg time="2024-12-11T09:32:09.669552" level="INFO">xpath criteria: //android.support.v7.widget.RecyclerView[@resource-id='com.samsung.android.messaging:id/bubble_list_view']/android.widget.LinearLayout</msg>
<arg>xpath=${contact_search_result}</arg>
<doc>Waits until element specified with `locator` is visible.</doc>
<status status="PASS" start="2024-12-11T09:32:08.397548" elapsed="1.272004"/>
</kw>
<kw name="Click Element" owner="AppiumLibrary">
<msg time="2024-12-11T09:32:09.682059" level="INFO">Clicking element 'xpath=//android.support.v7.widget.RecyclerView[@resource-id='com.samsung.android.messaging:id/bubble_list_view']/android.widget.LinearLayout'.</msg>
<msg time="2024-12-11T09:32:11.361778" level="INFO">xpath criteria: //android.support.v7.widget.RecyclerView[@resource-id='com.samsung.android.messaging:id/bubble_list_view']/android.widget.LinearLayout</msg>
<arg>xpath=${contact_search_result}</arg>
<doc>Click element identified by `locator`.</doc>
<status status="PASS" start="2024-12-11T09:32:09.669552" elapsed="1.692226"/>
</kw>
<status status="PASS" start="2024-12-11T09:32:04.864899" elapsed="6.496879"/>
</kw>
<kw name="Input Text For Message" owner="message">
<kw name="Wait Until Element Is Visible" owner="AppiumLibrary">
<msg time="2024-12-11T09:32:11.734255" level="INFO">xpath criteria: //android.widget.EditText[@resource-id='com.samsung.android.messaging:id/message_edit_text']</msg>
<arg>xpath=${message_field}</arg>
<doc>Waits until element specified with `locator` is visible.</doc>
<status status="PASS" start="2024-12-11T09:32:11.361778" elapsed="0.372477"/>
</kw>
<kw name="Input Text" owner="AppiumLibrary">
<msg time="2024-12-11T09:32:11.734255" level="INFO">Typing text 'Hello' into text field 'xpath=//android.widget.EditText[@resource-id='com.samsung.android.messaging:id/message_edit_text']'</msg>
<msg time="2024-12-11T09:32:12.768005" level="INFO">xpath criteria: //android.widget.EditText[@resource-id='com.samsung.android.messaging:id/message_edit_text']</msg>
<arg>xpath=${message_field}</arg>
<arg>${message}</arg>
<doc>Types the given `text` into text field identified by `locator`.</doc>
<status status="PASS" start="2024-12-11T09:32:11.734255" elapsed="1.033750"/>
</kw>
<arg>Hello</arg>
<status status="PASS" start="2024-12-11T09:32:11.361778" elapsed="1.406227"/>
</kw>
<kw name="Click Send Button" owner="message">
<kw name="Wait Until Element Is Visible" owner="AppiumLibrary">
<msg time="2024-12-11T09:32:13.915063" level="INFO">xpath criteria: //android.widget.ImageButton[@content-desc='Send']</msg>
<arg>xpath=${send_button}</arg>
<doc>Waits until element specified with `locator` is visible.</doc>
<status status="PASS" start="2024-12-11T09:32:12.768005" elapsed="1.147058"/>
</kw>
<kw name="Click Element" owner="AppiumLibrary">
<msg time="2024-12-11T09:32:13.931597" level="INFO">Clicking element 'xpath=//android.widget.ImageButton[@content-desc='Send']'.</msg>
<msg time="2024-12-11T09:32:14.269841" level="INFO">xpath criteria: //android.widget.ImageButton[@content-desc='Send']</msg>
<arg>xpath=${send_button}</arg>
<doc>Click element identified by `locator`.</doc>
<status status="PASS" start="2024-12-11T09:32:13.915063" elapsed="0.354778"/>
</kw>
<status status="PASS" start="2024-12-11T09:32:12.768005" elapsed="1.501836"/>
</kw>
<kw name="Verify Message Sent" owner="message">
<kw name="Wait Until Element Is Visible" owner="AppiumLibrary">
<msg time="2024-12-11T09:32:16.775407" level="INFO">xpath criteria: //android.widget.TextView[@resource-id='com.samsung.android.messaging:id/content_text_view' and @text='Hello']
xpath criteria: //android.widget.TextView[@resource-id='com.samsung.android.messaging:id/content_text_view' and @text='Hello']</msg>
<arg>xpath=${hello_message}</arg>
<arg>timeout=10s</arg>
<doc>Waits until element specified with `locator` is visible.</doc>
<status status="PASS" start="2024-12-11T09:32:14.285003" elapsed="2.490404"/>
</kw>
<status status="PASS" start="2024-12-11T09:32:14.285003" elapsed="2.490404"/>
</kw>
<status status="PASS" start="2024-12-11T09:31:48.850420" elapsed="27.924987"/>
</test>
<test id="s1-t3" name="[TC_03] Delete Contact And Delete Conversation" line="42">
<kw name="Go To Contact App" owner="main">
<kw name="Open Application" owner="AppiumLibrary">
<arg>${APPIUM_URL}</arg>
<arg>platformName=${PLATFORM_NAME}</arg>
<arg>platformVersion=${PLATFORM_VERSION}</arg>
<arg>deviceName=${DEVICE_NAME}</arg>
<arg>automationName=${ANDROID_AUTOMATION_NAME}</arg>
<arg>appPackage=${contact_app_package}</arg>
<arg>appActivity=${contact_app_activity}</arg>
<doc>Opens a new application to given Appium server.
Capabilities of appium server, Android and iOS,
Please check https://appium.io/docs/en/2.1/cli/args/
| *Option*            | *Man.* | *Description*     |
| remote_url          | Yes    | Appium server url |
| alias               | no     | alias             |
| strict_ssl          | No     | allows you to send commands to an invalid certificate host like a self-signed one. |</doc>
<status status="PASS" start="2024-12-11T09:32:16.789724" elapsed="10.246893"/>
</kw>
<status status="PASS" start="2024-12-11T09:32:16.775407" elapsed="10.261210"/>
</kw>
<kw name="Click Created Contact" owner="main">
<kw name="Wait Until Element Is Visible" owner="AppiumLibrary">
<msg time="2024-12-11T09:32:29.640670" level="INFO">xpath criteria: //android.widget.TextView[@content-desc='A1']</msg>
<arg>xpath=${created_contact}</arg>
<arg>timeout=10s</arg>
<doc>Waits until element specified with `locator` is visible.</doc>
<status status="PASS" start="2024-12-11T09:32:27.036617" elapsed="2.604053"/>
</kw>
<kw name="Click Element" owner="AppiumLibrary">
<msg time="2024-12-11T09:32:29.640670" level="INFO">Clicking element 'xpath=//android.widget.TextView[@content-desc='A1']'.</msg>
<msg time="2024-12-11T09:32:30.059724" level="INFO">xpath criteria: //android.widget.TextView[@content-desc='A1']</msg>
<arg>xpath=${created_contact}</arg>
<doc>Click element identified by `locator`.</doc>
<status status="PASS" start="2024-12-11T09:32:29.640670" elapsed="0.419054"/>
</kw>
<status status="PASS" start="2024-12-11T09:32:27.036617" elapsed="3.023107"/>
</kw>
<kw name="Click More Option Contact" owner="contact">
<kw name="Wait Until Page Contains Element" owner="AppiumLibrary">
<msg time="2024-12-11T09:32:30.764783" level="INFO">xpath criteria: //android.widget.ImageView[@content-desc='More options']</msg>
<arg>xpath=${more_option}</arg>
<arg>timeout=10s</arg>
<doc>Waits until element specified with `locator` appears on current page.</doc>
<status status="PASS" start="2024-12-11T09:32:30.059724" elapsed="0.705059"/>
</kw>
<kw name="Click Element" owner="AppiumLibrary">
<msg time="2024-12-11T09:32:30.764783" level="INFO">Clicking element 'xpath=//android.widget.ImageView[@content-desc='More options']'.</msg>
<msg time="2024-12-11T09:32:32.073666" level="INFO">xpath criteria: //android.widget.ImageView[@content-desc='More options']</msg>
<arg>xpath=${more_option}</arg>
<doc>Click element identified by `locator`.</doc>
<status status="PASS" start="2024-12-11T09:32:30.764783" elapsed="1.308883"/>
</kw>
<status status="PASS" start="2024-12-11T09:32:30.059724" elapsed="2.013942"/>
</kw>
<kw name="Click Delete Contact Option" owner="contact">
<kw name="Wait Until Page Contains Element" owner="AppiumLibrary">
<msg time="2024-12-11T09:32:32.587891" level="INFO">xpath criteria: //android.widget.TextView[@resource-id='com.samsung.android.contacts:id/title' and @text='Delete']</msg>
<arg>xpath=${delete_contact_option}</arg>
<arg>timeout=10s</arg>
<doc>Waits until element specified with `locator` appears on current page.</doc>
<status status="PASS" start="2024-12-11T09:32:32.073666" elapsed="0.514225"/>
</kw>
<kw name="Click Element" owner="AppiumLibrary">
<msg time="2024-12-11T09:32:32.587891" level="INFO">Clicking element 'xpath=//android.widget.TextView[@resource-id='com.samsung.android.contacts:id/title' and @text='Delete']'.</msg>
<msg time="2024-12-11T09:32:34.111987" level="INFO">xpath criteria: //android.widget.TextView[@resource-id='com.samsung.android.contacts:id/title' and @text='Delete']</msg>
<arg>xpath=${delete_contact_option}</arg>
<doc>Click element identified by `locator`.</doc>
<status status="PASS" start="2024-12-11T09:32:32.587891" elapsed="1.524096"/>
</kw>
<status status="PASS" start="2024-12-11T09:32:32.073666" elapsed="2.038321"/>
</kw>
<kw name="Click Confirm Delete Button" owner="contact">
<kw name="Wait Until Page Contains Element" owner="AppiumLibrary">
<msg time="2024-12-11T09:32:34.294985" level="INFO">xpath criteria: //android.widget.Button[@resource-id='com.samsung.android.contacts:id/button1']</msg>
<arg>xpath=${confirm_contact_delete_button}</arg>
<arg>timeout=10s</arg>
<doc>Waits until element specified with `locator` appears on current page.</doc>
<status status="PASS" start="2024-12-11T09:32:34.111987" elapsed="0.182998"/>
</kw>
<kw name="Click Element" owner="AppiumLibrary">
<msg time="2024-12-11T09:32:34.294985" level="INFO">Clicking element 'xpath=//android.widget.Button[@resource-id='com.samsung.android.contacts:id/button1']'.</msg>
<msg time="2024-12-11T09:32:34.492454" level="INFO">xpath criteria: //android.widget.Button[@resource-id='com.samsung.android.contacts:id/button1']</msg>
<arg>xpath=${confirm_contact_delete_button}</arg>
<doc>Click element identified by `locator`.</doc>
<status status="PASS" start="2024-12-11T09:32:34.294985" elapsed="0.197469"/>
</kw>
<status status="PASS" start="2024-12-11T09:32:34.111987" elapsed="0.380467"/>
</kw>
<kw name="Verify Contact Deleted" owner="main">
<kw name="Page Should Not Contain Element" owner="AppiumLibrary">
<msg time="2024-12-11T09:32:35.104911" level="INFO">Current page not contains element 'xpath=//android.widget.TextView[@content-desc='A1']'.</msg>
<msg time="2024-12-11T09:32:35.104911" level="INFO">xpath criteria: //android.widget.TextView[@content-desc='A1']</msg>
<arg>xpath=${created_contact}</arg>
<doc>Verifies that current page not contains `locator` element.</doc>
<status status="PASS" start="2024-12-11T09:32:34.492454" elapsed="0.612457"/>
</kw>
<status status="PASS" start="2024-12-11T09:32:34.492454" elapsed="0.612457"/>
</kw>
<kw name="Go To Message App" owner="main">
<kw name="Open Application" owner="AppiumLibrary">
<arg>${APPIUM_URL}</arg>
<arg>platformName=${PLATFORM_NAME}</arg>
<arg>platformVersion=${PLATFORM_VERSION}</arg>
<arg>deviceName=${DEVICE_NAME}</arg>
<arg>automationName=${ANDROID_AUTOMATION_NAME}</arg>
<arg>appPackage=${message_app_package}</arg>
<arg>appActivity=${message_app_activity}</arg>
<doc>Opens a new application to given Appium server.
Capabilities of appium server, Android and iOS,
Please check https://appium.io/docs/en/2.1/cli/args/
| *Option*            | *Man.* | *Description*     |
| remote_url          | Yes    | Appium server url |
| alias               | no     | alias             |
| strict_ssl          | No     | allows you to send commands to an invalid certificate host like a self-signed one. |</doc>
<status status="PASS" start="2024-12-11T09:32:35.104911" elapsed="12.204179"/>
</kw>
<status status="PASS" start="2024-12-11T09:32:35.104911" elapsed="12.204179"/>
</kw>
<kw name="Click Created Message" owner="main">
<kw name="Wait Until Element Is Visible" owner="AppiumLibrary">
<msg time="2024-12-11T09:32:54.707599" level="INFO">xpath criteria: //android.widget.TextView[@content-desc='0 1 2 3 4 5 6 ']
xpath criteria: //android.widget.TextView[@content-desc='0 1 2 3 4 5 6 ']
xpath criteria: //android.widget.TextView[@content-desc='0 1 2 3 4 5 6 ']</msg>
<arg>xpath=${created_message_by_number}</arg>
<arg>timeout=10s</arg>
<doc>Waits until element specified with `locator` is visible.</doc>
<status status="PASS" start="2024-12-11T09:32:47.309090" elapsed="7.398509"/>
</kw>
<kw name="Click Element" owner="AppiumLibrary">
<msg time="2024-12-11T09:32:54.722520" level="INFO">Clicking element 'xpath=//android.widget.TextView[@content-desc='0 1 2 3 4 5 6 ']'.</msg>
<msg time="2024-12-11T09:32:55.107761" level="INFO">xpath criteria: //android.widget.TextView[@content-desc='0 1 2 3 4 5 6 ']</msg>
<arg>xpath=${created_message_by_number}</arg>
<doc>Click element identified by `locator`.</doc>
<status status="PASS" start="2024-12-11T09:32:54.707599" elapsed="0.400162"/>
</kw>
<status status="PASS" start="2024-12-11T09:32:47.309090" elapsed="7.798671"/>
</kw>
<kw name="Click Conversation Setting" owner="message">
<kw name="Wait Until Element Is Visible" owner="AppiumLibrary">
<msg time="2024-12-11T09:32:57.633400" level="INFO">xpath criteria: //android.widget.ImageButton[@content-desc='Conversation settings']
xpath criteria: //android.widget.ImageButton[@content-desc='Conversation settings']</msg>
<arg>xpath=${conversation_setting}</arg>
<arg>timeout=10s</arg>
<doc>Waits until element specified with `locator` is visible.</doc>
<status status="PASS" start="2024-12-11T09:32:55.107761" elapsed="2.525639"/>
</kw>
<kw name="Click Element" owner="AppiumLibrary">
<msg time="2024-12-11T09:32:57.633400" level="INFO">Clicking element 'xpath=//android.widget.ImageButton[@content-desc='Conversation settings']'.</msg>
<msg time="2024-12-11T09:32:58.180711" level="INFO">xpath criteria: //android.widget.ImageButton[@content-desc='Conversation settings']</msg>
<arg>xpath=${conversation_setting}</arg>
<doc>Click element identified by `locator`.</doc>
<status status="PASS" start="2024-12-11T09:32:57.633400" elapsed="0.547311"/>
</kw>
<status status="PASS" start="2024-12-11T09:32:55.107761" elapsed="3.072950"/>
</kw>
<kw name="Choose Delete Message" owner="message">
<kw name="Wait Until Element Is Visible" owner="AppiumLibrary">
<msg time="2024-12-11T09:32:59.274134" level="INFO">xpath criteria: //android.widget.TextView[@resource-id='com.samsung.android.messaging:id/composer_drawer_menu_title' and @text='Delete message']</msg>
<arg>xpath=${delete_message}</arg>
<arg>timeout=10s</arg>
<doc>Waits until element specified with `locator` is visible.</doc>
<status status="PASS" start="2024-12-11T09:32:58.180711" elapsed="1.093423"/>
</kw>
<kw name="Click Element" owner="AppiumLibrary">
<msg time="2024-12-11T09:32:59.289797" level="INFO">Clicking element 'xpath=//android.widget.TextView[@resource-id='com.samsung.android.messaging:id/composer_drawer_menu_title' and @text='Delete message']'.</msg>
<msg time="2024-12-11T09:32:59.810443" level="INFO">xpath criteria: //android.widget.TextView[@resource-id='com.samsung.android.messaging:id/composer_drawer_menu_title' and @text='Delete message']</msg>
<arg>xpath=${delete_message}</arg>
<doc>Click element identified by `locator`.</doc>
<status status="PASS" start="2024-12-11T09:32:59.289797" elapsed="0.520646"/>
</kw>
<status status="PASS" start="2024-12-11T09:32:58.180711" elapsed="1.629732"/>
</kw>
<kw name="Click Delete Button" owner="message">
<kw name="Wait Until Element Is Visible" owner="AppiumLibrary">
<msg time="2024-12-11T09:33:01.481243" level="INFO">xpath criteria: //android.widget.Button[@content-desc='Delete, Button']</msg>
<arg>xpath=${delete_button}</arg>
<arg>timeout=10s</arg>
<doc>Waits until element specified with `locator` is visible.</doc>
<status status="PASS" start="2024-12-11T09:32:59.810443" elapsed="1.670800"/>
</kw>
<kw name="Click Element" owner="AppiumLibrary">
<msg time="2024-12-11T09:33:01.481243" level="INFO">Clicking element 'xpath=//android.widget.Button[@content-desc='Delete, Button']'.</msg>
<msg time="2024-12-11T09:33:01.770669" level="INFO">xpath criteria: //android.widget.Button[@content-desc='Delete, Button']</msg>
<arg>xpath=${delete_button}</arg>
<doc>Click element identified by `locator`.</doc>
<status status="PASS" start="2024-12-11T09:33:01.481243" elapsed="0.289426"/>
</kw>
<status status="PASS" start="2024-12-11T09:32:59.810443" elapsed="1.960226"/>
</kw>
<kw name="Click Confirm Delete Message" owner="message">
<kw name="Wait Until Element Is Visible" owner="AppiumLibrary">
<msg time="2024-12-11T09:33:02.742862" level="INFO">xpath criteria: //android.widget.Button[@resource-id='android:id/button1']
xpath criteria: //android.widget.Button[@resource-id='android:id/button1']</msg>
<arg>xpath=${confirm_message_delete_button}</arg>
<arg>timeout=10s</arg>
<doc>Waits until element specified with `locator` is visible.</doc>
<status status="PASS" start="2024-12-11T09:33:01.770669" elapsed="0.972193"/>
</kw>
<kw name="Click Element" owner="AppiumLibrary">
<msg time="2024-12-11T09:33:02.742862" level="INFO">Clicking element 'xpath=//android.widget.Button[@resource-id='android:id/button1']'.</msg>
<msg time="2024-12-11T09:33:02.907612" level="INFO">xpath criteria: //android.widget.Button[@resource-id='android:id/button1']</msg>
<arg>xpath=${confirm_message_delete_button}</arg>
<doc>Click element identified by `locator`.</doc>
<status status="PASS" start="2024-12-11T09:33:02.742862" elapsed="0.164750"/>
</kw>
<status status="PASS" start="2024-12-11T09:33:01.770669" elapsed="1.137943"/>
</kw>
<kw name="Verify Message Deleted" owner="main">
<kw name="Sleep" owner="BuiltIn">
<msg time="2024-12-11T09:33:07.911152" level="INFO">Slept 5 seconds.</msg>
<arg>5s</arg>
<doc>Pauses the test executed for the given time.</doc>
<status status="PASS" start="2024-12-11T09:33:02.909686" elapsed="5.001466"/>
</kw>
<kw name="Page Should Not Contain Element" owner="AppiumLibrary">
<msg time="2024-12-11T09:33:08.105222" level="INFO">Current page not contains element 'xpath=//android.widget.TextView[@content-desc='0 1 2 3 4 5 6 ']'.</msg>
<msg time="2024-12-11T09:33:08.105222" level="INFO">xpath criteria: //android.widget.TextView[@content-desc='0 1 2 3 4 5 6 ']</msg>
<arg>xpath=${created_message_by_number}</arg>
<doc>Verifies that current page not contains `locator` element.</doc>
<status status="PASS" start="2024-12-11T09:33:07.911152" elapsed="0.194070"/>
</kw>
<status status="PASS" start="2024-12-11T09:33:02.909686" elapsed="5.195536"/>
</kw>
<status status="PASS" start="2024-12-11T09:32:16.775407" elapsed="51.329815"/>
</test>
<status status="PASS" start="2024-12-11T09:31:20.958180" elapsed="107.147042"/>
</suite>
<statistics>
<total>
<stat pass="3" fail="0" skip="0">All Tests</stat>
</total>
<tag>
</tag>
<suite>
<stat pass="3" fail="0" skip="0" id="s1" name="Test Suite 01">Test Suite 01</stat>
</suite>
</statistics>
<errors>
</errors>
</robot>
