<?xml version="1.0" encoding="UTF-8"?>
<robot generator="Robot 7.1.1 (Python 3.12.6 on win32)" generated="2024-12-12T16:39:58.915724" rpa="false" schemaversion="5">
<suite id="s1" name="Test Suite 01" source="c:\Users\Duy Van\Downloads\mock-project-mobile\test\Test_Suite_01.robot">
<kw name="Load Variable Data" owner="test_data" type="SETUP">
<kw name="Abspath" owner="robot.utils">
<msg time="2024-12-12T16:39:59.443359" level="INFO">${ABS_PATH} = C:\Users\Duy Van\Downloads\mock-project-mobile\test_data\test_data.json</msg>
<var>${ABS_PATH}</var>
<arg>test_data/test_data.json</arg>
<doc>Replacement for os.path.abspath with some enhancements and bug fixes.</doc>
<status status="PASS" start="2024-12-12T16:39:59.427710" elapsed="0.017522"/>
</kw>
<kw name="Load Json From File" owner="JSONLibrary">
<msg time="2024-12-12T16:39:59.445232" level="INFO">${DATA} = {'name': 'Lam Oanh', 'number': '0123456', 'message': 'Hello Oanh'}</msg>
<var>${DATA}</var>
<arg>${ABS_PATH}</arg>
<doc>Load JSON from file.</doc>
<status status="PASS" start="2024-12-12T16:39:59.445232" elapsed="0.000000"/>
</kw>
<kw name="Set Suite Variable" owner="BuiltIn">
<msg time="2024-12-12T16:39:59.445232" level="INFO">${CONTACT_NAME} = Lam Oanh</msg>
<arg>${CONTACT_NAME}</arg>
<arg>${DATA}[name]</arg>
<doc>Makes a variable available everywhere within the scope of the current suite.</doc>
<status status="PASS" start="2024-12-12T16:39:59.445232" elapsed="0.000000"/>
</kw>
<kw name="Set Suite Variable" owner="BuiltIn">
<msg time="2024-12-12T16:39:59.445232" level="INFO">${CONTACT_NUM} = 0123456</msg>
<arg>${CONTACT_NUM}</arg>
<arg>${DATA}[number]</arg>
<doc>Makes a variable available everywhere within the scope of the current suite.</doc>
<status status="PASS" start="2024-12-12T16:39:59.445232" elapsed="0.000000"/>
</kw>
<kw name="Set Suite Variable" owner="BuiltIn">
<msg time="2024-12-12T16:39:59.445232" level="INFO">${SEND_MESSAGE} = Hello Oanh</msg>
<arg>${SEND_MESSAGE}</arg>
<arg>${DATA}[message]</arg>
<doc>Makes a variable available everywhere within the scope of the current suite.</doc>
<status status="PASS" start="2024-12-12T16:39:59.445232" elapsed="0.000000"/>
</kw>
<status status="PASS" start="2024-12-12T16:39:59.427710" elapsed="0.017522"/>
</kw>
<test id="s1-t1" name="[TC_01] Create New Contact" line="14">
<kw name="Go To Contact App" owner="main_contact">
<kw name="Open Application" owner="AppiumLibrary">
<arg>${APPIUM_URL}</arg>
<arg>platformName=${PLATFORM_NAME}</arg>
<arg>platformVersion=${PLATFORM_VERSION}</arg>
<arg>deviceName=${DEVICE_NAME}</arg>
<arg>automationName=${ANDROID_AUTOMATION_NAME}</arg>
<arg>appPackage=${CONTACT_APP_PACKAGE}</arg>
<arg>appActivity=${CONTACT_APP_ACTIVITY}</arg>
<doc>Opens a new application to given Appium server.
Capabilities of appium server, Android and iOS,
Please check https://appium.io/docs/en/2.1/cli/args/
| *Option*            | *Man.* | *Description*     |
| remote_url          | Yes    | Appium server url |
| alias               | no     | alias             |
| strict_ssl          | No     | allows you to send commands to an invalid certificate host like a self-signed one. |</doc>
<status status="PASS" start="2024-12-12T16:39:59.445232" elapsed="8.500001"/>
</kw>
<status status="PASS" start="2024-12-12T16:39:59.445232" elapsed="8.500001"/>
</kw>
<kw name="Verify Contact App Opened" owner="main_contact">
<kw name="Wait Until Page Contains" owner="AppiumLibrary">
<arg>contact</arg>
<doc>Waits until `text` appears on current page.</doc>
<status status="PASS" start="2024-12-12T16:40:07.945233" elapsed="1.715517"/>
</kw>
<status status="PASS" start="2024-12-12T16:40:07.945233" elapsed="1.715517"/>
</kw>
<kw name="Click Add Contact" owner="main_contact">
<kw name="Wait Until Element Is Visible" owner="AppiumLibrary">
<msg time="2024-12-12T16:40:10.776010" level="INFO">xpath criteria: //*[@content-desc='Create contact']</msg>
<arg>${add_contact_button}</arg>
<arg>timeout=10s</arg>
<doc>Waits until element specified with `locator` is visible.</doc>
<status status="PASS" start="2024-12-12T16:40:09.660750" elapsed="1.115993"/>
</kw>
<kw name="Click Element" owner="AppiumLibrary">
<msg time="2024-12-12T16:40:10.776743" level="INFO">Clicking element '//*[@content-desc='Create contact']'.</msg>
<msg time="2024-12-12T16:40:11.127602" level="INFO">xpath criteria: //*[@content-desc='Create contact']</msg>
<arg>${add_contact_button}</arg>
<doc>Click element identified by `locator`.</doc>
<status status="PASS" start="2024-12-12T16:40:10.776743" elapsed="0.350859"/>
</kw>
<status status="PASS" start="2024-12-12T16:40:09.660750" elapsed="1.466852"/>
</kw>
<kw name="Click Save To Phone" owner="main_contact">
<kw name="Wait Until Element Is Visible" owner="AppiumLibrary">
<msg time="2024-12-12T16:40:12.543578" level="INFO">xpath criteria: //*[@resource-id='android:id/text1' and @text='Phone']
xpath criteria: //*[@resource-id='android:id/text1' and @text='Phone']</msg>
<arg>${save_to_phone}</arg>
<arg>timeout=10s</arg>
<doc>Waits until element specified with `locator` is visible.</doc>
<status status="PASS" start="2024-12-12T16:40:11.143309" elapsed="1.400269"/>
</kw>
<kw name="Click Element" owner="AppiumLibrary">
<msg time="2024-12-12T16:40:12.543578" level="INFO">Clicking element '//*[@resource-id='android:id/text1' and @text='Phone']'.</msg>
<msg time="2024-12-12T16:40:13.937519" level="INFO">xpath criteria: //*[@resource-id='android:id/text1' and @text='Phone']</msg>
<arg>${save_to_phone}</arg>
<doc>Click element identified by `locator`.</doc>
<status status="PASS" start="2024-12-12T16:40:12.543578" elapsed="1.393941"/>
</kw>
<kw name="Wait Until Element Is Visible" owner="AppiumLibrary">
<msg time="2024-12-12T16:40:14.210402" level="INFO">xpath criteria: //*[contains(@resource-id,'button1')]</msg>
<arg>${set_save_button}</arg>
<arg>timeout=10s</arg>
<doc>Waits until element specified with `locator` is visible.</doc>
<status status="PASS" start="2024-12-12T16:40:13.937519" elapsed="0.272883"/>
</kw>
<kw name="Click Element" owner="AppiumLibrary">
<msg time="2024-12-12T16:40:14.210402" level="INFO">Clicking element '//*[contains(@resource-id,'button1')]'.</msg>
<msg time="2024-12-12T16:40:14.478689" level="INFO">xpath criteria: //*[contains(@resource-id,'button1')]</msg>
<arg>${set_save_button}</arg>
<doc>Click element identified by `locator`.</doc>
<status status="PASS" start="2024-12-12T16:40:14.210402" elapsed="0.268287"/>
</kw>
<status status="PASS" start="2024-12-12T16:40:11.142663" elapsed="3.336026"/>
</kw>
<kw name="Input Name" owner="add_contact">
<kw name="Wait Until Element Is Visible" owner="AppiumLibrary">
<msg time="2024-12-12T16:40:16.360129" level="INFO">xpath criteria: //*[contains(@resource-id,'nameEdit')]</msg>
<arg>${name_input}</arg>
<arg>timeout=10s</arg>
<doc>Waits until element specified with `locator` is visible.</doc>
<status status="PASS" start="2024-12-12T16:40:14.478689" elapsed="1.881440"/>
</kw>
<kw name="Input Text" owner="AppiumLibrary">
<msg time="2024-12-12T16:40:16.360129" level="INFO">Typing text 'Lam Oanh' into text field '//*[contains(@resource-id,'nameEdit')]'</msg>
<msg time="2024-12-12T16:40:17.509913" level="INFO">xpath criteria: //*[contains(@resource-id,'nameEdit')]</msg>
<arg>${name_input}</arg>
<arg>${name}</arg>
<doc>Types the given `text` into text field identified by `locator`.</doc>
<status status="PASS" start="2024-12-12T16:40:16.360129" elapsed="1.149784"/>
</kw>
<arg>${CONTACT_NAME}</arg>
<status status="PASS" start="2024-12-12T16:40:14.478689" elapsed="3.031224"/>
</kw>
<kw name="Input Phone" owner="add_contact">
<kw name="Wait Until Element Is Visible" owner="AppiumLibrary">
<msg time="2024-12-12T16:40:18.509334" level="INFO">xpath criteria: //android.widget.TextView[@text='Phone']</msg>
<arg>${phone_holder}</arg>
<arg>timeout=10s</arg>
<doc>Waits until element specified with `locator` is visible.</doc>
<status status="PASS" start="2024-12-12T16:40:17.509913" elapsed="0.999421"/>
</kw>
<kw name="Click Element" owner="AppiumLibrary">
<msg time="2024-12-12T16:40:18.509334" level="INFO">Clicking element '//android.widget.TextView[@text='Phone']'.</msg>
<msg time="2024-12-12T16:40:18.776369" level="INFO">xpath criteria: //android.widget.TextView[@text='Phone']</msg>
<arg>${phone_holder}</arg>
<doc>Click element identified by `locator`.</doc>
<status status="PASS" start="2024-12-12T16:40:18.509334" elapsed="0.267035"/>
</kw>
<kw name="Wait Until Element Is Visible" owner="AppiumLibrary">
<msg time="2024-12-12T16:40:20.110372" level="INFO">xpath criteria: //android.widget.EditText[@text='Phone']</msg>
<arg>${phone_input}</arg>
<arg>timeout=10s</arg>
<doc>Waits until element specified with `locator` is visible.</doc>
<status status="PASS" start="2024-12-12T16:40:18.776369" elapsed="1.334003"/>
</kw>
<kw name="Input Text" owner="AppiumLibrary">
<msg time="2024-12-12T16:40:20.110372" level="INFO">Typing text '0123456' into text field '//android.widget.EditText[@text='Phone']'</msg>
<msg time="2024-12-12T16:40:21.143245" level="INFO">xpath criteria: //android.widget.EditText[@text='Phone']</msg>
<arg>${phone_input}</arg>
<arg>${phone_num}</arg>
<doc>Types the given `text` into text field identified by `locator`.</doc>
<status status="PASS" start="2024-12-12T16:40:20.110372" elapsed="1.032873"/>
</kw>
<arg>${CONTACT_NUM}</arg>
<status status="PASS" start="2024-12-12T16:40:17.509913" elapsed="3.633332"/>
</kw>
<kw name="Click Save" owner="add_contact">
<kw name="Wait Until Element Is Visible" owner="AppiumLibrary">
<msg time="2024-12-12T16:40:22.025603" level="INFO">xpath criteria: //*[@content-desc='Save']</msg>
<arg>${save_button}</arg>
<arg>timeout=10s</arg>
<doc>Waits until element specified with `locator` is visible.</doc>
<status status="PASS" start="2024-12-12T16:40:21.143245" elapsed="0.882358"/>
</kw>
<kw name="Click Element" owner="AppiumLibrary">
<msg time="2024-12-12T16:40:22.042366" level="INFO">Clicking element '//*[@content-desc='Save']'.</msg>
<msg time="2024-12-12T16:40:22.341695" level="INFO">xpath criteria: //*[@content-desc='Save']</msg>
<arg>${save_button}</arg>
<doc>Click element identified by `locator`.</doc>
<status status="PASS" start="2024-12-12T16:40:22.041224" elapsed="0.300471"/>
</kw>
<status status="PASS" start="2024-12-12T16:40:21.143245" elapsed="1.199159"/>
</kw>
<kw name="Verify Contact Added" owner="add_contact">
<kw name="Set Variable" owner="BuiltIn">
<msg time="2024-12-12T16:40:22.342404" level="INFO">${contact_name_loc} = //*[contains(@resource-id,'header') and @text='Lam Oanh']</msg>
<var>${contact_name_loc}</var>
<arg>//*[contains(@resource-id,'header') and @text='${name_check}']</arg>
<doc>Returns the given values which can then be assigned to a variables.</doc>
<status status="PASS" start="2024-12-12T16:40:22.342404" elapsed="0.000000"/>
</kw>
<kw name="Set Variable" owner="BuiltIn">
<msg time="2024-12-12T16:40:22.342404" level="INFO">${contact_phone_loc} = //*[contains(@resource-id,'display_number') and @text='0123456']</msg>
<var>${contact_phone_loc}</var>
<arg>//*[contains(@resource-id,'display_number') and @text='${phone_check}']</arg>
<doc>Returns the given values which can then be assigned to a variables.</doc>
<status status="PASS" start="2024-12-12T16:40:22.342404" elapsed="0.000000"/>
</kw>
<kw name="Wait Until Element Is Visible" owner="AppiumLibrary">
<msg time="2024-12-12T16:40:24.258740" level="INFO">xpath criteria: //*[contains(@resource-id,'header') and @text='Lam Oanh']
xpath criteria: //*[contains(@resource-id,'header') and @text='Lam Oanh']</msg>
<arg>${contact_name_loc}</arg>
<doc>Waits until element specified with `locator` is visible.</doc>
<status status="PASS" start="2024-12-12T16:40:22.342404" elapsed="1.916336"/>
</kw>
<kw name="Wait Until Element Is Visible" owner="AppiumLibrary">
<msg time="2024-12-12T16:40:24.476052" level="INFO">xpath criteria: //*[contains(@resource-id,'display_number') and @text='0123456']</msg>
<arg>${contact_phone_loc}</arg>
<doc>Waits until element specified with `locator` is visible.</doc>
<status status="PASS" start="2024-12-12T16:40:24.258740" elapsed="0.217312"/>
</kw>
<arg>${CONTACT_NAME}</arg>
<arg>${CONTACT_NUM}</arg>
<status status="PASS" start="2024-12-12T16:40:22.342404" elapsed="2.133648"/>
</kw>
<status status="PASS" start="2024-12-12T16:39:59.445232" elapsed="25.030820"/>
</test>
<test id="s1-t2" name="[TC_02] Create Conversation" line="31">
<kw name="Go To Message App" owner="main_message">
<kw name="Open Application" owner="AppiumLibrary">
<arg>${APPIUM_URL}</arg>
<arg>platformName=${PLATFORM_NAME}</arg>
<arg>platformVersion=${PLATFORM_VERSION}</arg>
<arg>deviceName=${DEVICE_NAME}</arg>
<arg>automationName=${ANDROID_AUTOMATION_NAME}</arg>
<arg>appPackage=${MESSAGE_APP_PACKAGE}</arg>
<arg>appActivity=${MESSAGE_APP_ACTIVITY}</arg>
<doc>Opens a new application to given Appium server.
Capabilities of appium server, Android and iOS,
Please check https://appium.io/docs/en/2.1/cli/args/
| *Option*            | *Man.* | *Description*     |
| remote_url          | Yes    | Appium server url |
| alias               | no     | alias             |
| strict_ssl          | No     | allows you to send commands to an invalid certificate host like a self-signed one. |</doc>
<status status="PASS" start="2024-12-12T16:40:24.476052" elapsed="11.931367"/>
</kw>
<status status="PASS" start="2024-12-12T16:40:24.476052" elapsed="11.931367"/>
</kw>
<kw name="Verify Message App Opened" owner="main_message">
<kw name="Wait Until Page Contains" owner="AppiumLibrary">
<arg>Messages</arg>
<doc>Waits until `text` appears on current page.</doc>
<status status="PASS" start="2024-12-12T16:40:36.407419" elapsed="1.931084"/>
</kw>
<status status="PASS" start="2024-12-12T16:40:36.407419" elapsed="1.931084"/>
</kw>
<kw name="Create New Conversation" owner="main_message">
<kw name="Wait Until Element Is Visible" owner="AppiumLibrary">
<msg time="2024-12-12T16:40:39.430474" level="INFO">xpath criteria: //*[@content-desc='Compose new message']</msg>
<arg>${create_new_message}</arg>
<doc>Waits until element specified with `locator` is visible.</doc>
<status status="PASS" start="2024-12-12T16:40:38.338503" elapsed="1.091971"/>
</kw>
<kw name="Click Element" owner="AppiumLibrary">
<msg time="2024-12-12T16:40:39.430474" level="INFO">Clicking element '//*[@content-desc='Compose new message']'.</msg>
<msg time="2024-12-12T16:40:42.889814" level="INFO">xpath criteria: //*[@content-desc='Compose new message']</msg>
<arg>${create_new_message}</arg>
<doc>Click element identified by `locator`.</doc>
<status status="PASS" start="2024-12-12T16:40:39.430474" elapsed="3.460376"/>
</kw>
<status status="PASS" start="2024-12-12T16:40:38.338503" elapsed="4.552616"/>
</kw>
<kw name="Input Recipient Number" owner="message">
<kw name="Wait Until Element Is Visible" owner="AppiumLibrary">
<msg time="2024-12-12T16:40:45.066614" level="INFO">xpath criteria: //*[contains(@resource-id,'recipients_editor_to')]
xpath criteria: //*[contains(@resource-id,'recipients_editor_to')]</msg>
<arg>${recipient_field}</arg>
<doc>Waits until element specified with `locator` is visible.</doc>
<status status="PASS" start="2024-12-12T16:40:42.892117" elapsed="2.174497"/>
</kw>
<kw name="Input Text" owner="AppiumLibrary">
<msg time="2024-12-12T16:40:45.066614" level="INFO">Typing text '0123456' into text field '//*[contains(@resource-id,'recipients_editor_to')]'</msg>
<msg time="2024-12-12T16:40:46.271836" level="INFO">xpath criteria: //*[contains(@resource-id,'recipients_editor_to')]</msg>
<arg>${recipient_field}</arg>
<arg>${recipient_num}</arg>
<doc>Types the given `text` into text field identified by `locator`.</doc>
<status status="PASS" start="2024-12-12T16:40:45.066614" elapsed="1.206236"/>
</kw>
<kw name="Wait Until Element Is Visible" owner="AppiumLibrary">
<msg time="2024-12-12T16:40:47.373704" level="INFO">xpath criteria: //*[contains(@resource-id,'bubble_list_view')]/android.widget.LinearLayout</msg>
<arg>${contact_search_result}</arg>
<doc>Waits until element specified with `locator` is visible.</doc>
<status status="PASS" start="2024-12-12T16:40:46.272850" elapsed="1.100854"/>
</kw>
<kw name="Click Element" owner="AppiumLibrary">
<msg time="2024-12-12T16:40:47.376373" level="INFO">Clicking element '//*[contains(@resource-id,'bubble_list_view')]/android.widget.LinearLayout'.</msg>
<msg time="2024-12-12T16:40:49.054562" level="INFO">xpath criteria: //*[contains(@resource-id,'bubble_list_view')]/android.widget.LinearLayout</msg>
<arg>${contact_search_result}</arg>
<doc>Click element identified by `locator`.</doc>
<status status="PASS" start="2024-12-12T16:40:47.374762" elapsed="1.679800"/>
</kw>
<arg>${CONTACT_NUM}</arg>
<status status="PASS" start="2024-12-12T16:40:42.891119" elapsed="6.163443"/>
</kw>
<kw name="Verify Recipient Named" owner="message">
<kw name="Page Should Contain Text" owner="AppiumLibrary">
<msg time="2024-12-12T16:40:49.617145" level="INFO">Current page contains text 'Lam Oanh'.</msg>
<arg>${recipient_name}</arg>
<doc>Verifies that current page contains `text`.</doc>
<status status="PASS" start="2024-12-12T16:40:49.054562" elapsed="0.562583"/>
</kw>
<arg>${CONTACT_NAME}</arg>
<status status="PASS" start="2024-12-12T16:40:49.054562" elapsed="0.562583"/>
</kw>
<kw name="Input Text For Message" owner="message">
<kw name="Set Suite Variable" owner="BuiltIn">
<msg time="2024-12-12T16:40:49.617145" level="INFO">${MESSAGE_SENT} = Hello Oanh</msg>
<arg>${MESSAGE_SENT}</arg>
<arg>${message}</arg>
<doc>Makes a variable available everywhere within the scope of the current suite.</doc>
<status status="PASS" start="2024-12-12T16:40:49.617145" elapsed="0.000000"/>
</kw>
<kw name="Wait Until Element Is Visible" owner="AppiumLibrary">
<msg time="2024-12-12T16:40:49.939543" level="INFO">xpath criteria: //*[@resource-id='com.samsung.android.messaging:id/message_edit_text']</msg>
<arg>${message_field}</arg>
<doc>Waits until element specified with `locator` is visible.</doc>
<status status="PASS" start="2024-12-12T16:40:49.617145" elapsed="0.322398"/>
</kw>
<kw name="Input Text" owner="AppiumLibrary">
<msg time="2024-12-12T16:40:49.939543" level="INFO">Typing text 'Hello Oanh' into text field '//*[@resource-id='com.samsung.android.messaging:id/message_edit_text']'</msg>
<msg time="2024-12-12T16:40:50.807695" level="INFO">xpath criteria: //*[@resource-id='com.samsung.android.messaging:id/message_edit_text']</msg>
<arg>${message_field}</arg>
<arg>${message}</arg>
<doc>Types the given `text` into text field identified by `locator`.</doc>
<status status="PASS" start="2024-12-12T16:40:49.939543" elapsed="0.868152"/>
</kw>
<arg>${SEND_MESSAGE}</arg>
<status status="PASS" start="2024-12-12T16:40:49.617145" elapsed="1.190550"/>
</kw>
<kw name="Click Send Button" owner="message">
<kw name="Wait Until Element Is Visible" owner="AppiumLibrary">
<msg time="2024-12-12T16:40:51.558232" level="INFO">xpath criteria: //*[@content-desc='Send']</msg>
<arg>${send_button}</arg>
<doc>Waits until element specified with `locator` is visible.</doc>
<status status="PASS" start="2024-12-12T16:40:50.807695" elapsed="0.750537"/>
</kw>
<kw name="Click Element" owner="AppiumLibrary">
<msg time="2024-12-12T16:40:51.573815" level="INFO">Clicking element '//*[@content-desc='Send']'.</msg>
<msg time="2024-12-12T16:40:51.846118" level="INFO">xpath criteria: //*[@content-desc='Send']</msg>
<arg>${send_button}</arg>
<doc>Click element identified by `locator`.</doc>
<status status="PASS" start="2024-12-12T16:40:51.558232" elapsed="0.287886"/>
</kw>
<status status="PASS" start="2024-12-12T16:40:50.807695" elapsed="1.039422"/>
</kw>
<kw name="Verify Message Sent" owner="message">
<kw name="Wait Until Page Contains" owner="AppiumLibrary">
<arg>${MESSAGE_SENT}</arg>
<doc>Waits until `text` appears on current page.</doc>
<status status="PASS" start="2024-12-12T16:40:51.848115" elapsed="2.542962"/>
</kw>
<status status="PASS" start="2024-12-12T16:40:51.847117" elapsed="2.543960"/>
</kw>
<status status="PASS" start="2024-12-12T16:40:24.476052" elapsed="29.915984"/>
</test>
<test id="s1-t3" name="[TC_03] Delete Contact And Delete Conversation" line="50">
<kw name="Go To Contact App" owner="main_contact">
<kw name="Open Application" owner="AppiumLibrary">
<arg>${APPIUM_URL}</arg>
<arg>platformName=${PLATFORM_NAME}</arg>
<arg>platformVersion=${PLATFORM_VERSION}</arg>
<arg>deviceName=${DEVICE_NAME}</arg>
<arg>automationName=${ANDROID_AUTOMATION_NAME}</arg>
<arg>appPackage=${CONTACT_APP_PACKAGE}</arg>
<arg>appActivity=${CONTACT_APP_ACTIVITY}</arg>
<doc>Opens a new application to given Appium server.
Capabilities of appium server, Android and iOS,
Please check https://appium.io/docs/en/2.1/cli/args/
| *Option*            | *Man.* | *Description*     |
| remote_url          | Yes    | Appium server url |
| alias               | no     | alias             |
| strict_ssl          | No     | allows you to send commands to an invalid certificate host like a self-signed one. |</doc>
<status status="PASS" start="2024-12-12T16:40:54.394032" elapsed="10.129348"/>
</kw>
<status status="PASS" start="2024-12-12T16:40:54.394032" elapsed="10.129348"/>
</kw>
<kw name="Verify Contact App Opened" owner="main_contact">
<kw name="Wait Until Page Contains" owner="AppiumLibrary">
<arg>contact</arg>
<doc>Waits until `text` appears on current page.</doc>
<status status="PASS" start="2024-12-12T16:41:04.523380" elapsed="2.070020"/>
</kw>
<status status="PASS" start="2024-12-12T16:41:04.523380" elapsed="2.070020"/>
</kw>
<kw name="Click Created Contact" owner="main_contact">
<kw name="Set Variable" owner="BuiltIn">
<msg time="2024-12-12T16:41:06.593400" level="INFO">${created_contact_loc} = //*[@content-desc='Lam Oanh']</msg>
<var>${created_contact_loc}</var>
<arg>//*[@content-desc='${contact}']</arg>
<doc>Returns the given values which can then be assigned to a variables.</doc>
<status status="PASS" start="2024-12-12T16:41:06.593400" elapsed="0.000000"/>
</kw>
<kw name="Set Suite Variable" owner="BuiltIn">
<msg time="2024-12-12T16:41:06.593400" level="INFO">${CONTACT_LOC} = //*[@content-desc='Lam Oanh']</msg>
<arg>${CONTACT_LOC}</arg>
<arg>${created_contact_loc}</arg>
<doc>Makes a variable available everywhere within the scope of the current suite.</doc>
<status status="PASS" start="2024-12-12T16:41:06.593400" elapsed="0.000000"/>
</kw>
<kw name="Wait Until Element Is Visible" owner="AppiumLibrary">
<msg time="2024-12-12T16:41:07.785048" level="INFO">xpath criteria: //*[@content-desc='Lam Oanh']</msg>
<arg>${created_contact_loc}</arg>
<arg>timeout=10s</arg>
<doc>Waits until element specified with `locator` is visible.</doc>
<status status="PASS" start="2024-12-12T16:41:06.593400" elapsed="1.191648"/>
</kw>
<kw name="Click Element" owner="AppiumLibrary">
<msg time="2024-12-12T16:41:07.785048" level="INFO">Clicking element '//*[@content-desc='Lam Oanh']'.</msg>
<msg time="2024-12-12T16:41:08.186214" level="INFO">xpath criteria: //*[@content-desc='Lam Oanh']</msg>
<arg>${created_contact_loc}</arg>
<doc>Click element identified by `locator`.</doc>
<status status="PASS" start="2024-12-12T16:41:07.785048" elapsed="0.401166"/>
</kw>
<arg>${CONTACT_NAME}</arg>
<status status="PASS" start="2024-12-12T16:41:06.593400" elapsed="1.592814"/>
</kw>
<kw name="Click More Option Contact" owner="contact">
<kw name="Wait Until Page Contains Element" owner="AppiumLibrary">
<msg time="2024-12-12T16:41:08.835585" level="INFO">xpath criteria: //*[@content-desc='More options']</msg>
<arg>${more_option}</arg>
<arg>timeout=10s</arg>
<doc>Waits until element specified with `locator` appears on current page.</doc>
<status status="PASS" start="2024-12-12T16:41:08.186214" elapsed="0.649371"/>
</kw>
<kw name="Click Element" owner="AppiumLibrary">
<msg time="2024-12-12T16:41:08.842913" level="INFO">Clicking element '//*[@content-desc='More options']'.</msg>
<msg time="2024-12-12T16:41:10.213698" level="INFO">xpath criteria: //*[@content-desc='More options']</msg>
<arg>${more_option}</arg>
<doc>Click element identified by `locator`.</doc>
<status status="PASS" start="2024-12-12T16:41:08.835585" elapsed="1.378113"/>
</kw>
<status status="PASS" start="2024-12-12T16:41:08.186214" elapsed="2.027484"/>
</kw>
<kw name="Click Delete Contact Option" owner="contact">
<kw name="Wait Until Page Contains Element" owner="AppiumLibrary">
<msg time="2024-12-12T16:41:10.713342" level="INFO">xpath criteria: //*[@text='Delete']</msg>
<arg>${delete_contact_option}</arg>
<arg>timeout=10s</arg>
<doc>Waits until element specified with `locator` appears on current page.</doc>
<status status="PASS" start="2024-12-12T16:41:10.214721" elapsed="0.498621"/>
</kw>
<kw name="Click Element" owner="AppiumLibrary">
<msg time="2024-12-12T16:41:10.713342" level="INFO">Clicking element '//*[@text='Delete']'.</msg>
<msg time="2024-12-12T16:41:12.231975" level="INFO">xpath criteria: //*[@text='Delete']</msg>
<arg>${delete_contact_option}</arg>
<doc>Click element identified by `locator`.</doc>
<status status="PASS" start="2024-12-12T16:41:10.713342" elapsed="1.518633"/>
</kw>
<status status="PASS" start="2024-12-12T16:41:10.214721" elapsed="2.017254"/>
</kw>
<kw name="Click Confirm Delete Button" owner="contact">
<kw name="Wait Until Page Contains Element" owner="AppiumLibrary">
<msg time="2024-12-12T16:41:12.403285" level="INFO">xpath criteria: //*[contains(@resource-id,'button1')]</msg>
<arg>${confirm_contact_delete_button}</arg>
<arg>timeout=10s</arg>
<doc>Waits until element specified with `locator` appears on current page.</doc>
<status status="PASS" start="2024-12-12T16:41:12.231975" elapsed="0.171310"/>
</kw>
<kw name="Click Element" owner="AppiumLibrary">
<msg time="2024-12-12T16:41:12.405393" level="INFO">Clicking element '//*[contains(@resource-id,'button1')]'.</msg>
<msg time="2024-12-12T16:41:12.586536" level="INFO">xpath criteria: //*[contains(@resource-id,'button1')]</msg>
<arg>${confirm_contact_delete_button}</arg>
<doc>Click element identified by `locator`.</doc>
<status status="PASS" start="2024-12-12T16:41:12.403285" elapsed="0.183251"/>
</kw>
<status status="PASS" start="2024-12-12T16:41:12.231975" elapsed="0.354561"/>
</kw>
<kw name="Verify Contact Deleted" owner="main_contact">
<kw name="Page Should Not Contain Element" owner="AppiumLibrary">
<msg time="2024-12-12T16:41:13.321080" level="INFO">Current page not contains element '//*[@content-desc='Lam Oanh']'.</msg>
<msg time="2024-12-12T16:41:13.321080" level="INFO">xpath criteria: //*[@content-desc='Lam Oanh']</msg>
<arg>${CONTACT_LOC}</arg>
<doc>Verifies that current page not contains `locator` element.</doc>
<status status="PASS" start="2024-12-12T16:41:12.586536" elapsed="0.734544"/>
</kw>
<status status="PASS" start="2024-12-12T16:41:12.586536" elapsed="0.734544"/>
</kw>
<kw name="Go To Message App" owner="main_message">
<kw name="Open Application" owner="AppiumLibrary">
<arg>${APPIUM_URL}</arg>
<arg>platformName=${PLATFORM_NAME}</arg>
<arg>platformVersion=${PLATFORM_VERSION}</arg>
<arg>deviceName=${DEVICE_NAME}</arg>
<arg>automationName=${ANDROID_AUTOMATION_NAME}</arg>
<arg>appPackage=${MESSAGE_APP_PACKAGE}</arg>
<arg>appActivity=${MESSAGE_APP_ACTIVITY}</arg>
<doc>Opens a new application to given Appium server.
Capabilities of appium server, Android and iOS,
Please check https://appium.io/docs/en/2.1/cli/args/
| *Option*            | *Man.* | *Description*     |
| remote_url          | Yes    | Appium server url |
| alias               | no     | alias             |
| strict_ssl          | No     | allows you to send commands to an invalid certificate host like a self-signed one. |</doc>
<status status="PASS" start="2024-12-12T16:41:13.321080" elapsed="12.114616"/>
</kw>
<status status="PASS" start="2024-12-12T16:41:13.321080" elapsed="12.114616"/>
</kw>
<kw name="Verify Message App Opened" owner="main_message">
<kw name="Wait Until Page Contains" owner="AppiumLibrary">
<arg>Messages</arg>
<doc>Waits until `text` appears on current page.</doc>
<status status="PASS" start="2024-12-12T16:41:25.435696" elapsed="1.840336"/>
</kw>
<status status="PASS" start="2024-12-12T16:41:25.435696" elapsed="1.840336"/>
</kw>
<kw name="Click Created Message By Number" owner="main_message">
<kw name="Format Number" owner="main_message_utils">
<msg time="2024-12-12T16:41:27.276032" level="INFO">${formatted_number} = 0 1 2 3 4 5 6 </msg>
<var>${formatted_number}</var>
<arg>${num}</arg>
<status status="PASS" start="2024-12-12T16:41:27.276032" elapsed="0.000000"/>
</kw>
<kw name="Set Variable" owner="BuiltIn">
<msg time="2024-12-12T16:41:27.276032" level="INFO">${created_message_loc} = //*[@content-desc='0 1 2 3 4 5 6 ']</msg>
<var>${created_message_loc}</var>
<arg>//*[@content-desc='${formatted_number}']</arg>
<doc>Returns the given values which can then be assigned to a variables.</doc>
<status status="PASS" start="2024-12-12T16:41:27.276032" elapsed="0.000000"/>
</kw>
<kw name="Set Suite Variable" owner="BuiltIn">
<msg time="2024-12-12T16:41:27.276032" level="INFO">${CREATED_MESSAGE_LOC} = //*[@content-desc='0 1 2 3 4 5 6 ']</msg>
<arg>${CREATED_MESSAGE_LOC}</arg>
<arg>${created_message_loc}</arg>
<doc>Makes a variable available everywhere within the scope of the current suite.</doc>
<status status="PASS" start="2024-12-12T16:41:27.276032" elapsed="0.000000"/>
</kw>
<kw name="Wait Until Element Is Visible" owner="AppiumLibrary">
<msg time="2024-12-12T16:41:32.754040" level="INFO">xpath criteria: //*[@content-desc='0 1 2 3 4 5 6 ']
xpath criteria: //*[@content-desc='0 1 2 3 4 5 6 ']
xpath criteria: //*[@content-desc='0 1 2 3 4 5 6 ']
xpath criteria: //*[@content-desc='0 1 2 3 4 5 6 ']</msg>
<arg>${created_message_loc}</arg>
<arg>timeout=10s</arg>
<doc>Waits until element specified with `locator` is visible.</doc>
<status status="PASS" start="2024-12-12T16:41:27.291218" elapsed="5.471326"/>
</kw>
<kw name="Click Element" owner="AppiumLibrary">
<msg time="2024-12-12T16:41:32.762544" level="INFO">Clicking element '//*[@content-desc='0 1 2 3 4 5 6 ']'.</msg>
<msg time="2024-12-12T16:41:33.180285" level="INFO">xpath criteria: //*[@content-desc='0 1 2 3 4 5 6 ']</msg>
<arg>${created_message_loc}</arg>
<doc>Click element identified by `locator`.</doc>
<status status="PASS" start="2024-12-12T16:41:32.762544" elapsed="0.417741"/>
</kw>
<arg>${CONTACT_NUM}</arg>
<status status="PASS" start="2024-12-12T16:41:27.276032" elapsed="5.904253"/>
</kw>
<kw name="Click Conversation Setting" owner="message">
<kw name="Wait Until Element Is Visible" owner="AppiumLibrary">
<msg time="2024-12-12T16:41:35.724894" level="INFO">xpath criteria: //*[@content-desc='Conversation settings']
xpath criteria: //*[@content-desc='Conversation settings']</msg>
<arg>${conversation_setting}</arg>
<arg>timeout=10s</arg>
<doc>Waits until element specified with `locator` is visible.</doc>
<status status="PASS" start="2024-12-12T16:41:33.180285" elapsed="2.544609"/>
</kw>
<kw name="Click Element" owner="AppiumLibrary">
<msg time="2024-12-12T16:41:35.724894" level="INFO">Clicking element '//*[@content-desc='Conversation settings']'.</msg>
<msg time="2024-12-12T16:41:36.255053" level="INFO">xpath criteria: //*[@content-desc='Conversation settings']</msg>
<arg>${conversation_setting}</arg>
<doc>Click element identified by `locator`.</doc>
<status status="PASS" start="2024-12-12T16:41:35.724894" elapsed="0.530159"/>
</kw>
<status status="PASS" start="2024-12-12T16:41:33.180285" elapsed="3.074768"/>
</kw>
<kw name="Choose Delete Message" owner="message">
<kw name="Wait Until Element Is Visible" owner="AppiumLibrary">
<msg time="2024-12-12T16:41:37.373763" level="INFO">xpath criteria: //*[@text='Delete message']</msg>
<arg>${delete_message}</arg>
<arg>timeout=10s</arg>
<doc>Waits until element specified with `locator` is visible.</doc>
<status status="PASS" start="2024-12-12T16:41:36.270269" elapsed="1.103494"/>
</kw>
<kw name="Click Element" owner="AppiumLibrary">
<msg time="2024-12-12T16:41:37.374866" level="INFO">Clicking element '//*[@text='Delete message']'.</msg>
<msg time="2024-12-12T16:41:37.900015" level="INFO">xpath criteria: //*[@text='Delete message']</msg>
<arg>${delete_message}</arg>
<doc>Click element identified by `locator`.</doc>
<status status="PASS" start="2024-12-12T16:41:37.373763" elapsed="0.527251"/>
</kw>
<status status="PASS" start="2024-12-12T16:41:36.270269" elapsed="1.630745"/>
</kw>
<kw name="Click Delete Button" owner="message">
<kw name="Wait Until Element Is Visible" owner="AppiumLibrary">
<msg time="2024-12-12T16:41:39.543625" level="INFO">xpath criteria: //*[@content-desc='Delete, Button']</msg>
<arg>${delete_button}</arg>
<arg>timeout=10s</arg>
<doc>Waits until element specified with `locator` is visible.</doc>
<status status="PASS" start="2024-12-12T16:41:37.902009" elapsed="1.641616"/>
</kw>
<kw name="Click Element" owner="AppiumLibrary">
<msg time="2024-12-12T16:41:39.543625" level="INFO">Clicking element '//*[@content-desc='Delete, Button']'.</msg>
<msg time="2024-12-12T16:41:39.798003" level="INFO">xpath criteria: //*[@content-desc='Delete, Button']</msg>
<arg>${delete_button}</arg>
<doc>Click element identified by `locator`.</doc>
<status status="PASS" start="2024-12-12T16:41:39.543625" elapsed="0.254378"/>
</kw>
<status status="PASS" start="2024-12-12T16:41:37.902009" elapsed="1.895994"/>
</kw>
<kw name="Click Confirm Delete Message" owner="message">
<kw name="Wait Until Element Is Visible" owner="AppiumLibrary">
<msg time="2024-12-12T16:41:40.765756" level="INFO">xpath criteria: //*[@resource-id='android:id/button1']
xpath criteria: //*[@resource-id='android:id/button1']</msg>
<arg>${confirm_message_delete_button}</arg>
<arg>timeout=10s</arg>
<doc>Waits until element specified with `locator` is visible.</doc>
<status status="PASS" start="2024-12-12T16:41:39.798003" elapsed="0.967753"/>
</kw>
<kw name="Click Element" owner="AppiumLibrary">
<msg time="2024-12-12T16:41:40.765756" level="INFO">Clicking element '//*[@resource-id='android:id/button1']'.</msg>
<msg time="2024-12-12T16:41:40.935462" level="INFO">xpath criteria: //*[@resource-id='android:id/button1']</msg>
<arg>${confirm_message_delete_button}</arg>
<doc>Click element identified by `locator`.</doc>
<status status="PASS" start="2024-12-12T16:41:40.765756" elapsed="0.169706"/>
</kw>
<status status="PASS" start="2024-12-12T16:41:39.798003" elapsed="1.137459"/>
</kw>
<kw name="Verify Message Deleted" owner="main_message">
<kw name="Sleep" owner="BuiltIn">
<msg time="2024-12-12T16:41:45.936170" level="INFO">Slept 5 seconds.</msg>
<arg>5s</arg>
<doc>Pauses the test executed for the given time.</doc>
<status status="PASS" start="2024-12-12T16:41:40.935462" elapsed="5.000708"/>
</kw>
<kw name="Page Should Not Contain Element" owner="AppiumLibrary">
<msg time="2024-12-12T16:41:46.159838" level="INFO">Current page not contains element '//*[@content-desc='0 1 2 3 4 5 6 ']'.</msg>
<msg time="2024-12-12T16:41:46.159838" level="INFO">xpath criteria: //*[@content-desc='0 1 2 3 4 5 6 ']</msg>
<arg>${CREATED_MESSAGE_LOC}</arg>
<doc>Verifies that current page not contains `locator` element.</doc>
<status status="PASS" start="2024-12-12T16:41:45.936170" elapsed="0.223668"/>
</kw>
<status status="PASS" start="2024-12-12T16:41:40.935462" elapsed="5.224376"/>
</kw>
<status status="PASS" start="2024-12-12T16:40:54.393034" elapsed="51.766804"/>
</test>
<status status="PASS" start="2024-12-12T16:39:58.927061" elapsed="107.232777"/>
</suite>
<statistics>
<total>
<stat pass="3" fail="0" skip="0">All Tests</stat>
</total>
<tag>
</tag>
<suite>
<stat pass="3" fail="0" skip="0" id="s1" name="Test Suite 01">Test Suite 01</stat>
</suite>
</statistics>
<errors>
</errors>
</robot>
