<?xml version="1.0" encoding="UTF-8"?>
<robot generator="Robot 7.1.1 (Python 3.12.4 on win32)" generated="2024-12-11T22:01:58.019545" rpa="false" schemaversion="5">
<suite id="s1" name="Test Suite 01" source="c:\Users\duy5a\Downloads\mock-project-mobile\test\Test_Suite_01.robot">
<test id="s1-t1" name="[TC_01] Create New Contact" line="10">
<kw name="Go To Contact App" owner="main">
<kw name="Open Application" owner="AppiumLibrary">
<arg>${APPIUM_URL}</arg>
<arg>platformName=${PLATFORM_NAME}</arg>
<arg>platformVersion=${PLATFORM_VERSION}</arg>
<arg>deviceName=${DEVICE_NAME}</arg>
<arg>automationName=${ANDROID_AUTOMATION_NAME}</arg>
<arg>appPackage=${contact_app_package}</arg>
<arg>appActivity=${contact_app_activity}</arg>
<doc>Opens a new application to given Appium server.
Capabilities of appium server, Android and iOS,
Please check https://appium.io/docs/en/2.1/cli/args/
| *Option*            | *Man.* | *Description*     |
| remote_url          | Yes    | Appium server url |
| alias               | no     | alias             |
| strict_ssl          | No     | allows you to send commands to an invalid certificate host like a self-signed one. |</doc>
<status status="PASS" start="2024-12-11T22:01:58.218103" elapsed="9.063921"/>
</kw>
<status status="PASS" start="2024-12-11T22:01:58.218103" elapsed="9.063921"/>
</kw>
<kw name="Verify Contact App Opened" owner="main">
<kw name="Wait Until Page Contains" owner="AppiumLibrary">
<arg>contact</arg>
<doc>Waits until `text` appears on current page.</doc>
<status status="PASS" start="2024-12-11T22:02:07.283027" elapsed="1.715092"/>
</kw>
<status status="PASS" start="2024-12-11T22:02:07.283027" elapsed="1.716089"/>
</kw>
<kw name="Click Add Contact" owner="main">
<kw name="Wait Until Element Is Visible" owner="AppiumLibrary">
<msg time="2024-12-11T22:02:10.128166" level="INFO">xpath criteria: //*[@content-desc='Create contact']</msg>
<arg>xpath=${add_contact_button}</arg>
<arg>timeout=10s</arg>
<doc>Waits until element specified with `locator` is visible.</doc>
<status status="PASS" start="2024-12-11T22:02:09.000118" elapsed="1.130042"/>
</kw>
<kw name="Click Element" owner="AppiumLibrary">
<msg time="2024-12-11T22:02:10.132155" level="INFO">Clicking element 'xpath=//*[@content-desc='Create contact']'.</msg>
<msg time="2024-12-11T22:02:10.519858" level="INFO">xpath criteria: //*[@content-desc='Create contact']</msg>
<arg>xpath=${add_contact_button}</arg>
<doc>Click element identified by `locator`.</doc>
<status status="PASS" start="2024-12-11T22:02:10.130160" elapsed="0.389698"/>
</kw>
<status status="PASS" start="2024-12-11T22:02:08.999116" elapsed="1.521739"/>
</kw>
<kw name="Click Save To Phone" owner="main">
<kw name="Wait Until Element Is Visible" owner="AppiumLibrary">
<msg time="2024-12-11T22:02:11.956669" level="INFO">xpath criteria: //*[@resource-id='android:id/text1' and @text='Phone']
xpath criteria: //*[@resource-id='android:id/text1' and @text='Phone']</msg>
<arg>xpath=${save_to_phone}</arg>
<arg>timeout=10s</arg>
<doc>Waits until element specified with `locator` is visible.</doc>
<status status="PASS" start="2024-12-11T22:02:10.521853" elapsed="1.434816"/>
</kw>
<kw name="Click Element" owner="AppiumLibrary">
<msg time="2024-12-11T22:02:11.958663" level="INFO">Clicking element 'xpath=//*[@resource-id='android:id/text1' and @text='Phone']'.</msg>
<msg time="2024-12-11T22:02:12.939796" level="INFO">xpath criteria: //*[@resource-id='android:id/text1' and @text='Phone']</msg>
<arg>xpath=${save_to_phone}</arg>
<doc>Click element identified by `locator`.</doc>
<status status="PASS" start="2024-12-11T22:02:11.956669" elapsed="0.983127"/>
</kw>
<kw name="Wait Until Element Is Visible" owner="AppiumLibrary">
<msg time="2024-12-11T22:02:13.220824" level="INFO">xpath criteria: //*[contains(@resource-id,'button1')]</msg>
<arg>xpath=${set_save_button}</arg>
<arg>timeout=10s</arg>
<doc>Waits until element specified with `locator` is visible.</doc>
<status status="PASS" start="2024-12-11T22:02:12.939796" elapsed="0.282025"/>
</kw>
<kw name="Click Element" owner="AppiumLibrary">
<msg time="2024-12-11T22:02:13.223816" level="INFO">Clicking element 'xpath=//*[contains(@resource-id,'button1')]'.</msg>
<msg time="2024-12-11T22:02:13.473560" level="INFO">xpath criteria: //*[contains(@resource-id,'button1')]</msg>
<arg>xpath=${set_save_button}</arg>
<doc>Click element identified by `locator`.</doc>
<status status="PASS" start="2024-12-11T22:02:13.221821" elapsed="0.251739"/>
</kw>
<status status="PASS" start="2024-12-11T22:02:10.520855" elapsed="2.952705"/>
</kw>
<kw name="Input Name A1" owner="add_contact">
<kw name="Wait Until Element Is Visible" owner="AppiumLibrary">
<msg time="2024-12-11T22:02:15.480360" level="INFO">xpath criteria: //*[contains(@resource-id,'nameEdit')]</msg>
<arg>xpath=${name_input}</arg>
<arg>timeout=10s</arg>
<doc>Waits until element specified with `locator` is visible.</doc>
<status status="PASS" start="2024-12-11T22:02:13.474559" elapsed="2.006799"/>
</kw>
<kw name="Input Text" owner="AppiumLibrary">
<msg time="2024-12-11T22:02:15.483365" level="INFO">Typing text 'A1' into text field 'xpath=//*[contains(@resource-id,'nameEdit')]'</msg>
<msg time="2024-12-11T22:02:16.591224" level="INFO">xpath criteria: //*[contains(@resource-id,'nameEdit')]</msg>
<arg>xpath=${name_input}</arg>
<arg>A1</arg>
<doc>Types the given `text` into text field identified by `locator`.</doc>
<status status="PASS" start="2024-12-11T22:02:15.481358" elapsed="1.109866"/>
</kw>
<status status="PASS" start="2024-12-11T22:02:13.474559" elapsed="3.116665"/>
</kw>
<kw name="Input Phone 0123456" owner="add_contact">
<kw name="Wait Until Element Is Visible" owner="AppiumLibrary">
<msg time="2024-12-11T22:02:17.522465" level="INFO">xpath criteria: //android.widget.TextView[@text='Phone']</msg>
<arg>xpath=${phone_holder}</arg>
<arg>timeout=10s</arg>
<doc>Waits until element specified with `locator` is visible.</doc>
<status status="PASS" start="2024-12-11T22:02:16.592419" elapsed="0.930046"/>
</kw>
<kw name="Click Element" owner="AppiumLibrary">
<msg time="2024-12-11T22:02:17.525455" level="INFO">Clicking element '//android.widget.TextView[@text='Phone']'.</msg>
<msg time="2024-12-11T22:02:17.829732" level="INFO">xpath criteria: //android.widget.TextView[@text='Phone']</msg>
<arg>${phone_holder}</arg>
<doc>Click element identified by `locator`.</doc>
<status status="PASS" start="2024-12-11T22:02:17.522465" elapsed="0.307267"/>
</kw>
<kw name="Wait Until Element Is Visible" owner="AppiumLibrary">
<msg time="2024-12-11T22:02:19.391452" level="INFO">xpath criteria: //android.widget.EditText[@text='Phone']</msg>
<arg>xpath=${phone_input}</arg>
<arg>timeout=10s</arg>
<doc>Waits until element specified with `locator` is visible.</doc>
<status status="PASS" start="2024-12-11T22:02:17.830729" elapsed="1.560723"/>
</kw>
<kw name="Input Text" owner="AppiumLibrary">
<msg time="2024-12-11T22:02:19.393446" level="INFO">Typing text '0123456' into text field 'xpath=//android.widget.EditText[@text='Phone']'</msg>
<msg time="2024-12-11T22:02:20.457656" level="INFO">xpath criteria: //android.widget.EditText[@text='Phone']</msg>
<arg>xpath=${phone_input}</arg>
<arg>0123456</arg>
<doc>Types the given `text` into text field identified by `locator`.</doc>
<status status="PASS" start="2024-12-11T22:02:19.391452" elapsed="1.066204"/>
</kw>
<status status="PASS" start="2024-12-11T22:02:16.591224" elapsed="3.866432"/>
</kw>
<kw name="Click Save" owner="add_contact">
<kw name="Wait Until Element Is Visible" owner="AppiumLibrary">
<msg time="2024-12-11T22:02:21.366968" level="INFO">xpath criteria: //*[@content-desc='Save']</msg>
<arg>xpath=${save_button}</arg>
<arg>timeout=10s</arg>
<doc>Waits until element specified with `locator` is visible.</doc>
<status status="PASS" start="2024-12-11T22:02:20.458664" elapsed="0.908304"/>
</kw>
<kw name="Click Element" owner="AppiumLibrary">
<msg time="2024-12-11T22:02:21.368962" level="INFO">Clicking element 'xpath=//*[@content-desc='Save']'.</msg>
<msg time="2024-12-11T22:02:21.682606" level="INFO">xpath criteria: //*[@content-desc='Save']</msg>
<arg>xpath=${save_button}</arg>
<doc>Click element identified by `locator`.</doc>
<status status="PASS" start="2024-12-11T22:02:21.366968" elapsed="0.315638"/>
</kw>
<status status="PASS" start="2024-12-11T22:02:20.458664" elapsed="1.223942"/>
</kw>
<kw name="Verify Contact Added" owner="add_contact">
<kw name="Wait Until Element Is Visible" owner="AppiumLibrary">
<msg time="2024-12-11T22:02:23.547493" level="INFO">xpath criteria: //*[contains(@resource-id,'header') and @text='A1']</msg>
<arg>xpath=${contact_name}</arg>
<doc>Waits until element specified with `locator` is visible.</doc>
<status status="PASS" start="2024-12-11T22:02:21.683602" elapsed="1.863891"/>
</kw>
<kw name="Wait Until Element Is Visible" owner="AppiumLibrary">
<msg time="2024-12-11T22:02:23.791136" level="INFO">xpath criteria: //*[contains(@resource-id,'display_number') and @text='0123456']</msg>
<arg>xpath=${contact_phone}</arg>
<doc>Waits until element specified with `locator` is visible.</doc>
<status status="PASS" start="2024-12-11T22:02:23.547493" elapsed="0.244639"/>
</kw>
<status status="PASS" start="2024-12-11T22:02:21.683602" elapsed="2.108530"/>
</kw>
<status status="PASS" start="2024-12-11T22:01:58.217113" elapsed="25.575019"/>
</test>
<test id="s1-t2" name="[TC_02] Create Conversation" line="27">
<kw name="Go To Message App" owner="main">
<kw name="Open Application" owner="AppiumLibrary">
<arg>${APPIUM_URL}</arg>
<arg>platformName=${PLATFORM_NAME}</arg>
<arg>platformVersion=${PLATFORM_VERSION}</arg>
<arg>deviceName=${DEVICE_NAME}</arg>
<arg>automationName=${ANDROID_AUTOMATION_NAME}</arg>
<arg>appPackage=${message_app_package}</arg>
<arg>appActivity=${message_app_activity}</arg>
<doc>Opens a new application to given Appium server.
Capabilities of appium server, Android and iOS,
Please check https://appium.io/docs/en/2.1/cli/args/
| *Option*            | *Man.* | *Description*     |
| remote_url          | Yes    | Appium server url |
| alias               | no     | alias             |
| strict_ssl          | No     | allows you to send commands to an invalid certificate host like a self-signed one. |</doc>
<status status="PASS" start="2024-12-11T22:02:23.794126" elapsed="11.966087"/>
</kw>
<status status="PASS" start="2024-12-11T22:02:23.793129" elapsed="11.967084"/>
</kw>
<kw name="Verify Message App Opened" owner="main">
<kw name="Wait Until Page Contains" owner="AppiumLibrary">
<arg>Messages</arg>
<doc>Waits until `text` appears on current page.</doc>
<status status="PASS" start="2024-12-11T22:02:35.761210" elapsed="1.849645"/>
</kw>
<status status="PASS" start="2024-12-11T22:02:35.761210" elapsed="1.849645"/>
</kw>
<kw name="Create New Conversation" owner="main">
<kw name="Wait Until Element Is Visible" owner="AppiumLibrary">
<msg time="2024-12-11T22:02:38.689925" level="INFO">xpath criteria: //*[@content-desc='Compose new message']</msg>
<arg>xpath=${create_new_message}</arg>
<doc>Waits until element specified with `locator` is visible.</doc>
<status status="PASS" start="2024-12-11T22:02:37.611853" elapsed="1.078072"/>
</kw>
<kw name="Click Element" owner="AppiumLibrary">
<msg time="2024-12-11T22:02:38.691918" level="INFO">Clicking element 'xpath=//*[@content-desc='Compose new message']'.</msg>
<msg time="2024-12-11T22:02:39.488859" level="INFO">xpath criteria: //*[@content-desc='Compose new message']</msg>
<arg>xpath=${create_new_message}</arg>
<doc>Click element identified by `locator`.</doc>
<status status="PASS" start="2024-12-11T22:02:38.690922" elapsed="0.797937"/>
</kw>
<status status="PASS" start="2024-12-11T22:02:37.611853" elapsed="1.877006"/>
</kw>
<kw name="Input Recipient 0123456" owner="message">
<kw name="Wait Until Element Is Visible" owner="AppiumLibrary">
<msg time="2024-12-11T22:02:41.854318" level="INFO">xpath criteria: //*[contains(@resource-id,'recipients_editor_to')]
xpath criteria: //*[contains(@resource-id,'recipients_editor_to')]</msg>
<arg>xpath=${recipient_field}</arg>
<doc>Waits until element specified with `locator` is visible.</doc>
<status status="PASS" start="2024-12-11T22:02:39.489850" elapsed="2.365467"/>
</kw>
<kw name="Input Text" owner="AppiumLibrary">
<msg time="2024-12-11T22:02:41.857311" level="INFO">Typing text '0123456' into text field 'xpath=//*[contains(@resource-id,'recipients_editor_to')]'</msg>
<msg time="2024-12-11T22:02:43.099575" level="INFO">xpath criteria: //*[contains(@resource-id,'recipients_editor_to')]</msg>
<arg>xpath=${recipient_field}</arg>
<arg>0123456</arg>
<doc>Types the given `text` into text field identified by `locator`.</doc>
<status status="PASS" start="2024-12-11T22:02:41.855317" elapsed="1.244258"/>
</kw>
<kw name="Wait Until Element Is Visible" owner="AppiumLibrary">
<msg time="2024-12-11T22:02:44.310185" level="INFO">xpath criteria: //*[contains(@resource-id,'bubble_list_view')]/android.widget.LinearLayout</msg>
<arg>xpath=${contact_search_result}</arg>
<doc>Waits until element specified with `locator` is visible.</doc>
<status status="PASS" start="2024-12-11T22:02:43.100573" elapsed="1.209612"/>
</kw>
<kw name="Click Element" owner="AppiumLibrary">
<msg time="2024-12-11T22:02:44.312174" level="INFO">Clicking element 'xpath=//*[contains(@resource-id,'bubble_list_view')]/android.widget.LinearLayout'.</msg>
<msg time="2024-12-11T22:02:45.994555" level="INFO">xpath criteria: //*[contains(@resource-id,'bubble_list_view')]/android.widget.LinearLayout</msg>
<arg>xpath=${contact_search_result}</arg>
<doc>Click element identified by `locator`.</doc>
<status status="PASS" start="2024-12-11T22:02:44.310185" elapsed="1.684370"/>
</kw>
<status status="PASS" start="2024-12-11T22:02:39.489850" elapsed="6.505703"/>
</kw>
<kw name="Verify Recipient Named A1" owner="message">
<kw name="Page Should Contain Text" owner="AppiumLibrary">
<msg time="2024-12-11T22:02:46.517620" level="INFO">Current page contains text 'A1'.</msg>
<arg>A1</arg>
<doc>Verifies that current page contains `text`.</doc>
<status status="PASS" start="2024-12-11T22:02:45.996549" elapsed="0.521071"/>
</kw>
<status status="PASS" start="2024-12-11T22:02:45.995553" elapsed="0.522067"/>
</kw>
<kw name="Input Text For Message" owner="message">
<kw name="Wait Until Element Is Visible" owner="AppiumLibrary">
<msg time="2024-12-11T22:02:46.940122" level="INFO">xpath criteria: //*[@resource-id='com.samsung.android.messaging:id/message_edit_text']</msg>
<arg>xpath=${message_field}</arg>
<doc>Waits until element specified with `locator` is visible.</doc>
<status status="PASS" start="2024-12-11T22:02:46.518617" elapsed="0.421505"/>
</kw>
<kw name="Input Text" owner="AppiumLibrary">
<msg time="2024-12-11T22:02:46.942116" level="INFO">Typing text 'Hello' into text field 'xpath=//*[@resource-id='com.samsung.android.messaging:id/message_edit_text']'</msg>
<msg time="2024-12-11T22:02:47.813862" level="INFO">xpath criteria: //*[@resource-id='com.samsung.android.messaging:id/message_edit_text']</msg>
<arg>xpath=${message_field}</arg>
<arg>${message}</arg>
<doc>Types the given `text` into text field identified by `locator`.</doc>
<status status="PASS" start="2024-12-11T22:02:46.941119" elapsed="0.873740"/>
</kw>
<arg>Hello</arg>
<status status="PASS" start="2024-12-11T22:02:46.518617" elapsed="1.296242"/>
</kw>
<kw name="Click Send Button" owner="message">
<kw name="Wait Until Element Is Visible" owner="AppiumLibrary">
<msg time="2024-12-11T22:02:48.611478" level="INFO">xpath criteria: //*[@content-desc='Send']</msg>
<arg>xpath=${send_button}</arg>
<doc>Waits until element specified with `locator` is visible.</doc>
<status status="PASS" start="2024-12-11T22:02:47.815858" elapsed="0.796616"/>
</kw>
<kw name="Click Element" owner="AppiumLibrary">
<msg time="2024-12-11T22:02:48.613472" level="INFO">Clicking element 'xpath=//*[@content-desc='Send']'.</msg>
<msg time="2024-12-11T22:02:48.888380" level="INFO">xpath criteria: //*[@content-desc='Send']</msg>
<arg>xpath=${send_button}</arg>
<doc>Click element identified by `locator`.</doc>
<status status="PASS" start="2024-12-11T22:02:48.612474" elapsed="0.275906"/>
</kw>
<status status="PASS" start="2024-12-11T22:02:47.814859" elapsed="1.073521"/>
</kw>
<kw name="Verify Message Sent" owner="message">
<kw name="Wait Until Element Is Visible" owner="AppiumLibrary">
<msg time="2024-12-11T22:02:51.276158" level="INFO">xpath criteria: //*[@text='Hello']
xpath criteria: //*[@text='Hello']</msg>
<arg>xpath=${hello_message}</arg>
<arg>timeout=10s</arg>
<doc>Waits until element specified with `locator` is visible.</doc>
<status status="PASS" start="2024-12-11T22:02:48.889378" elapsed="2.386780"/>
</kw>
<status status="PASS" start="2024-12-11T22:02:48.889378" elapsed="2.387776"/>
</kw>
<status status="PASS" start="2024-12-11T22:02:23.793129" elapsed="27.484025"/>
</test>
<test id="s1-t3" name="[TC_03] Delete Contact And Delete Conversation" line="46">
<kw name="Go To Contact App" owner="main">
<kw name="Open Application" owner="AppiumLibrary">
<arg>${APPIUM_URL}</arg>
<arg>platformName=${PLATFORM_NAME}</arg>
<arg>platformVersion=${PLATFORM_VERSION}</arg>
<arg>deviceName=${DEVICE_NAME}</arg>
<arg>automationName=${ANDROID_AUTOMATION_NAME}</arg>
<arg>appPackage=${contact_app_package}</arg>
<arg>appActivity=${contact_app_activity}</arg>
<doc>Opens a new application to given Appium server.
Capabilities of appium server, Android and iOS,
Please check https://appium.io/docs/en/2.1/cli/args/
| *Option*            | *Man.* | *Description*     |
| remote_url          | Yes    | Appium server url |
| alias               | no     | alias             |
| strict_ssl          | No     | allows you to send commands to an invalid certificate host like a self-signed one. |</doc>
<status status="PASS" start="2024-12-11T22:02:51.279152" elapsed="10.090072"/>
</kw>
<status status="PASS" start="2024-12-11T22:02:51.279152" elapsed="10.090072"/>
</kw>
<kw name="Verify Contact App Opened" owner="main">
<kw name="Wait Until Page Contains" owner="AppiumLibrary">
<arg>contact</arg>
<doc>Waits until `text` appears on current page.</doc>
<status status="PASS" start="2024-12-11T22:03:01.370222" elapsed="2.045665"/>
</kw>
<status status="PASS" start="2024-12-11T22:03:01.369224" elapsed="2.046663"/>
</kw>
<kw name="Click Created Contact" owner="main">
<kw name="Wait Until Element Is Visible" owner="AppiumLibrary">
<msg time="2024-12-11T22:03:04.569511" level="INFO">xpath criteria: //*[@content-desc='A1']</msg>
<arg>xpath=${created_contact}</arg>
<arg>timeout=10s</arg>
<doc>Waits until element specified with `locator` is visible.</doc>
<status status="PASS" start="2024-12-11T22:03:03.416883" elapsed="1.152628"/>
</kw>
<kw name="Click Element" owner="AppiumLibrary">
<msg time="2024-12-11T22:03:04.571503" level="INFO">Clicking element 'xpath=//*[@content-desc='A1']'.</msg>
<msg time="2024-12-11T22:03:05.003063" level="INFO">xpath criteria: //*[@content-desc='A1']</msg>
<arg>xpath=${created_contact}</arg>
<doc>Click element identified by `locator`.</doc>
<status status="PASS" start="2024-12-11T22:03:04.570510" elapsed="0.432553"/>
</kw>
<status status="PASS" start="2024-12-11T22:03:03.415887" elapsed="1.587176"/>
</kw>
<kw name="Click More Option Contact" owner="contact">
<kw name="Wait Until Page Contains Element" owner="AppiumLibrary">
<msg time="2024-12-11T22:03:05.506931" level="INFO">xpath criteria: //*[@content-desc='More options']</msg>
<arg>xpath=${more_option}</arg>
<arg>timeout=10s</arg>
<doc>Waits until element specified with `locator` appears on current page.</doc>
<status status="PASS" start="2024-12-11T22:03:05.004060" elapsed="0.503868"/>
</kw>
<kw name="Click Element" owner="AppiumLibrary">
<msg time="2024-12-11T22:03:05.509923" level="INFO">Clicking element 'xpath=//*[@content-desc='More options']'.</msg>
<msg time="2024-12-11T22:03:06.996540" level="INFO">xpath criteria: //*[@content-desc='More options']</msg>
<arg>xpath=${more_option}</arg>
<doc>Click element identified by `locator`.</doc>
<status status="PASS" start="2024-12-11T22:03:05.507928" elapsed="1.488612"/>
</kw>
<status status="PASS" start="2024-12-11T22:03:05.004060" elapsed="1.992480"/>
</kw>
<kw name="Click Delete Contact Option" owner="contact">
<kw name="Wait Until Page Contains Element" owner="AppiumLibrary">
<msg time="2024-12-11T22:03:07.546639" level="INFO">xpath criteria: //*[@text='Delete']</msg>
<arg>xpath=${delete_contact_option}</arg>
<arg>timeout=10s</arg>
<doc>Waits until element specified with `locator` appears on current page.</doc>
<status status="PASS" start="2024-12-11T22:03:06.997499" elapsed="0.549140"/>
</kw>
<kw name="Click Element" owner="AppiumLibrary">
<msg time="2024-12-11T22:03:07.549630" level="INFO">Clicking element 'xpath=//*[@text='Delete']'.</msg>
<msg time="2024-12-11T22:03:09.056574" level="INFO">xpath criteria: //*[@text='Delete']</msg>
<arg>xpath=${delete_contact_option}</arg>
<doc>Click element identified by `locator`.</doc>
<status status="PASS" start="2024-12-11T22:03:07.547637" elapsed="1.508937"/>
</kw>
<status status="PASS" start="2024-12-11T22:03:06.997499" elapsed="2.059075"/>
</kw>
<kw name="Click Confirm Delete Button" owner="contact">
<kw name="Wait Until Page Contains Element" owner="AppiumLibrary">
<msg time="2024-12-11T22:03:09.224619" level="INFO">xpath criteria: //*[contains(@resource-id,'button1')]</msg>
<arg>xpath=${confirm_contact_delete_button}</arg>
<arg>timeout=10s</arg>
<doc>Waits until element specified with `locator` appears on current page.</doc>
<status status="PASS" start="2024-12-11T22:03:09.057572" elapsed="0.167047"/>
</kw>
<kw name="Click Element" owner="AppiumLibrary">
<msg time="2024-12-11T22:03:09.225616" level="INFO">Clicking element 'xpath=//*[contains(@resource-id,'button1')]'.</msg>
<msg time="2024-12-11T22:03:09.397701" level="INFO">xpath criteria: //*[contains(@resource-id,'button1')]</msg>
<arg>xpath=${confirm_contact_delete_button}</arg>
<doc>Click element identified by `locator`.</doc>
<status status="PASS" start="2024-12-11T22:03:09.224619" elapsed="0.173082"/>
</kw>
<status status="PASS" start="2024-12-11T22:03:09.057572" elapsed="0.340129"/>
</kw>
<kw name="Verify Contact Deleted" owner="main">
<kw name="Page Should Not Contain Element" owner="AppiumLibrary">
<msg time="2024-12-11T22:03:10.157534" level="INFO">Current page not contains element 'xpath=//*[@content-desc='A1']'.</msg>
<msg time="2024-12-11T22:03:10.157534" level="INFO">xpath criteria: //*[@content-desc='A1']</msg>
<arg>xpath=${created_contact}</arg>
<doc>Verifies that current page not contains `locator` element.</doc>
<status status="PASS" start="2024-12-11T22:03:09.398699" elapsed="0.759832"/>
</kw>
<status status="PASS" start="2024-12-11T22:03:09.398699" elapsed="0.759832"/>
</kw>
<kw name="Go To Message App" owner="main">
<kw name="Open Application" owner="AppiumLibrary">
<arg>${APPIUM_URL}</arg>
<arg>platformName=${PLATFORM_NAME}</arg>
<arg>platformVersion=${PLATFORM_VERSION}</arg>
<arg>deviceName=${DEVICE_NAME}</arg>
<arg>automationName=${ANDROID_AUTOMATION_NAME}</arg>
<arg>appPackage=${message_app_package}</arg>
<arg>appActivity=${message_app_activity}</arg>
<doc>Opens a new application to given Appium server.
Capabilities of appium server, Android and iOS,
Please check https://appium.io/docs/en/2.1/cli/args/
| *Option*            | *Man.* | *Description*     |
| remote_url          | Yes    | Appium server url |
| alias               | no     | alias             |
| strict_ssl          | No     | allows you to send commands to an invalid certificate host like a self-signed one. |</doc>
<status status="PASS" start="2024-12-11T22:03:10.158531" elapsed="12.131732"/>
</kw>
<status status="PASS" start="2024-12-11T22:03:10.158531" elapsed="12.131732"/>
</kw>
<kw name="Verify Message App Opened" owner="main">
<kw name="Wait Until Page Contains" owner="AppiumLibrary">
<arg>Messages</arg>
<doc>Waits until `text` appears on current page.</doc>
<status status="PASS" start="2024-12-11T22:03:22.291260" elapsed="1.829963"/>
</kw>
<status status="PASS" start="2024-12-11T22:03:22.291260" elapsed="1.829963"/>
</kw>
<kw name="Click Created Message" owner="main">
<kw name="Wait Until Element Is Visible" owner="AppiumLibrary">
<msg time="2024-12-11T22:03:29.278867" level="INFO">xpath criteria: //*[@content-desc='0 1 2 3 4 5 6 ']
xpath criteria: //*[@content-desc='0 1 2 3 4 5 6 ']
xpath criteria: //*[@content-desc='0 1 2 3 4 5 6 ']</msg>
<arg>xpath=${created_message_by_number}</arg>
<arg>timeout=10s</arg>
<doc>Waits until element specified with `locator` is visible.</doc>
<status status="PASS" start="2024-12-11T22:03:24.122219" elapsed="5.156648"/>
</kw>
<kw name="Click Element" owner="AppiumLibrary">
<msg time="2024-12-11T22:03:29.280869" level="INFO">Clicking element 'xpath=//*[@content-desc='0 1 2 3 4 5 6 ']'.</msg>
<msg time="2024-12-11T22:03:29.728252" level="INFO">xpath criteria: //*[@content-desc='0 1 2 3 4 5 6 ']</msg>
<arg>xpath=${created_message_by_number}</arg>
<doc>Click element identified by `locator`.</doc>
<status status="PASS" start="2024-12-11T22:03:29.278867" elapsed="0.450382"/>
</kw>
<status status="PASS" start="2024-12-11T22:03:24.121223" elapsed="5.608026"/>
</kw>
<kw name="Click Conversation Setting" owner="message">
<kw name="Wait Until Element Is Visible" owner="AppiumLibrary">
<msg time="2024-12-11T22:03:32.211238" level="INFO">xpath criteria: //*[@content-desc='Conversation settings']
xpath criteria: //*[@content-desc='Conversation settings']</msg>
<arg>xpath=${conversation_setting}</arg>
<arg>timeout=10s</arg>
<doc>Waits until element specified with `locator` is visible.</doc>
<status status="PASS" start="2024-12-11T22:03:29.730246" elapsed="2.481989"/>
</kw>
<kw name="Click Element" owner="AppiumLibrary">
<msg time="2024-12-11T22:03:32.213245" level="INFO">Clicking element 'xpath=//*[@content-desc='Conversation settings']'.</msg>
<msg time="2024-12-11T22:03:32.711415" level="INFO">xpath criteria: //*[@content-desc='Conversation settings']</msg>
<arg>xpath=${conversation_setting}</arg>
<doc>Click element identified by `locator`.</doc>
<status status="PASS" start="2024-12-11T22:03:32.212235" elapsed="0.499180"/>
</kw>
<status status="PASS" start="2024-12-11T22:03:29.729249" elapsed="2.982166"/>
</kw>
<kw name="Choose Delete Message" owner="message">
<kw name="Wait Until Element Is Visible" owner="AppiumLibrary">
<msg time="2024-12-11T22:03:33.820983" level="INFO">xpath criteria: //*[@text='Delete message']</msg>
<arg>xpath=${delete_message}</arg>
<arg>timeout=10s</arg>
<doc>Waits until element specified with `locator` is visible.</doc>
<status status="PASS" start="2024-12-11T22:03:32.712412" elapsed="1.109550"/>
</kw>
<kw name="Click Element" owner="AppiumLibrary">
<msg time="2024-12-11T22:03:33.822987" level="INFO">Clicking element 'xpath=//*[@text='Delete message']'.</msg>
<msg time="2024-12-11T22:03:34.333650" level="INFO">xpath criteria: //*[@text='Delete message']</msg>
<arg>xpath=${delete_message}</arg>
<doc>Click element identified by `locator`.</doc>
<status status="PASS" start="2024-12-11T22:03:33.821962" elapsed="0.512686"/>
</kw>
<status status="PASS" start="2024-12-11T22:03:32.711415" elapsed="1.623233"/>
</kw>
<kw name="Click Delete Button" owner="message">
<kw name="Wait Until Element Is Visible" owner="AppiumLibrary">
<msg time="2024-12-11T22:03:35.985876" level="INFO">xpath criteria: //*[@content-desc='Delete, Button']</msg>
<arg>xpath=${delete_button}</arg>
<arg>timeout=10s</arg>
<doc>Waits until element specified with `locator` is visible.</doc>
<status status="PASS" start="2024-12-11T22:03:34.335647" elapsed="1.650229"/>
</kw>
<kw name="Click Element" owner="AppiumLibrary">
<msg time="2024-12-11T22:03:35.987870" level="INFO">Clicking element 'xpath=//*[@content-desc='Delete, Button']'.</msg>
<msg time="2024-12-11T22:03:36.250999" level="INFO">xpath criteria: //*[@content-desc='Delete, Button']</msg>
<arg>xpath=${delete_button}</arg>
<doc>Click element identified by `locator`.</doc>
<status status="PASS" start="2024-12-11T22:03:35.985876" elapsed="0.265123"/>
</kw>
<status status="PASS" start="2024-12-11T22:03:34.334648" elapsed="1.916351"/>
</kw>
<kw name="Click Confirm Delete Message" owner="message">
<kw name="Wait Until Element Is Visible" owner="AppiumLibrary">
<msg time="2024-12-11T22:03:37.220290" level="INFO">xpath criteria: //*[@resource-id='android:id/button1']
xpath criteria: //*[@resource-id='android:id/button1']</msg>
<arg>xpath=${confirm_message_delete_button}</arg>
<arg>timeout=10s</arg>
<doc>Waits until element specified with `locator` is visible.</doc>
<status status="PASS" start="2024-12-11T22:03:36.251995" elapsed="0.969286"/>
</kw>
<kw name="Click Element" owner="AppiumLibrary">
<msg time="2024-12-11T22:03:37.222305" level="INFO">Clicking element 'xpath=//*[@resource-id='android:id/button1']'.</msg>
<msg time="2024-12-11T22:03:37.382859" level="INFO">xpath criteria: //*[@resource-id='android:id/button1']</msg>
<arg>xpath=${confirm_message_delete_button}</arg>
<doc>Click element identified by `locator`.</doc>
<status status="PASS" start="2024-12-11T22:03:37.221281" elapsed="0.161578"/>
</kw>
<status status="PASS" start="2024-12-11T22:03:36.250999" elapsed="1.131860"/>
</kw>
<kw name="Verify Message Deleted" owner="main">
<kw name="Sleep" owner="BuiltIn">
<msg time="2024-12-11T22:03:42.385464" level="INFO">Slept 5 seconds.</msg>
<arg>5s</arg>
<doc>Pauses the test executed for the given time.</doc>
<status status="PASS" start="2024-12-11T22:03:37.383863" elapsed="5.001601"/>
</kw>
<kw name="Page Should Not Contain Element" owner="AppiumLibrary">
<msg time="2024-12-11T22:03:42.629897" level="INFO">Current page not contains element 'xpath=//*[@content-desc='0 1 2 3 4 5 6 ']'.</msg>
<msg time="2024-12-11T22:03:42.629897" level="INFO">xpath criteria: //*[@content-desc='0 1 2 3 4 5 6 ']</msg>
<arg>xpath=${created_message_by_number}</arg>
<doc>Verifies that current page not contains `locator` element.</doc>
<status status="PASS" start="2024-12-11T22:03:42.385464" elapsed="0.244433"/>
</kw>
<status status="PASS" start="2024-12-11T22:03:37.383863" elapsed="5.247033"/>
</kw>
<status status="PASS" start="2024-12-11T22:02:51.279152" elapsed="51.351744"/>
</test>
<status status="PASS" start="2024-12-11T22:01:58.023533" elapsed="104.608359"/>
</suite>
<statistics>
<total>
<stat pass="3" fail="0" skip="0">All Tests</stat>
</total>
<tag>
</tag>
<suite>
<stat pass="3" fail="0" skip="0" id="s1" name="Test Suite 01">Test Suite 01</stat>
</suite>
</statistics>
<errors>
</errors>
</robot>
